2021-04-26 08:36:38.040 > =========================================== Started
2021-04-26 08:36:38.141 > [INF] loadFolder: /home/eran/matlab/AstroPack/matlab/base/../../config
2021-04-26 08:36:38.157 > [INF] Adding property: A.b
2021-04-26 08:36:38.160 > [INF] loadYaml: Loading file: /home/eran/matlab/AstroPack/config/A.b.yml
2021-04-26 08:36:38.989 > [INF] Adding property: BitMask.Image.Default
2021-04-26 08:36:39.024 > [INF] loadYaml: Loading file: /home/eran/matlab/AstroPack/config/BitMask.Image.Default.yml
2021-04-26 08:36:39.168 > [ERR] loadYaml: Exception loading file: /home/eran/matlab/AstroPack/config/BitMask.Image.Default.yml
2021-04-26 08:36:39.170 > [ERR] loadFile: Exception: /home/eran/matlab/AstroPack/config/BitMask.Image.Default.yml
2021-04-26 08:36:39.172 > [INF] Adding property: Header.Comments.Default
2021-04-26 08:36:39.173 > [INF] loadYaml: Loading file: /home/eran/matlab/AstroPack/config/Header.Comments.Default.yml
2021-04-26 08:36:39.341 > [INF] Adding property: Header.KeyNames.Default
2021-04-26 08:36:39.342 > [INF] loadYaml: Loading file: /home/eran/matlab/AstroPack/config/Header.KeyNames.Default.yml
2021-04-26 08:36:39.506 > [INF] Adding property: Header.Synonyms.KeyNames
2021-04-26 08:36:39.508 > [INF] loadYaml: Loading file: /home/eran/matlab/AstroPack/config/Header.Synonyms.KeyNames.yml
2021-04-26 08:36:39.558 > [INF] Adding property: Header.Synonyms.KeyVal.IMTYPE
2021-04-26 08:36:39.559 > [INF] loadYaml: Loading file: /home/eran/matlab/AstroPack/config/Header.Synonyms.KeyVal.IMTYPE.yml
2021-04-26 08:36:39.584 > [INF] Adding property: Header.Time.KeyNames
2021-04-26 08:36:39.585 > [INF] loadYaml: Loading file: /home/eran/matlab/AstroPack/config/Header.Time.KeyNames.yml
2021-04-26 08:36:39.595 > [ERR] loadYaml: Exception loading file: /home/eran/matlab/AstroPack/config/Header.Time.KeyNames.yml
2021-04-26 08:36:39.596 > [ERR] loadFile: Exception: /home/eran/matlab/AstroPack/config/Header.Time.KeyNames.yml
2021-04-26 08:36:39.597 > [INF] Adding property: header
2021-04-26 08:36:39.598 > [INF] loadYaml: Loading file: /home/eran/matlab/AstroPack/config/header.yml
2021-04-26 08:36:39.605 > [ERR] loadYaml: Exception loading file: /home/eran/matlab/AstroPack/config/header.yml
2021-04-26 08:36:39.606 > [ERR] loadFile: Exception: /home/eran/matlab/AstroPack/config/header.yml
2021-04-26 08:36:39.607 > [INF] Adding property: pipeline
2021-04-26 08:36:39.608 > [INF] loadYaml: Loading file: /home/eran/matlab/AstroPack/config/pipeline.yml
2021-04-26 08:36:39.647 > [INF] Adding property: system
2021-04-26 08:36:39.647 > [INF] loadYaml: Loading file: /home/eran/matlab/AstroPack/config/system.yml
2021-04-26 08:36:39.679 > [INF] Adding property: unittest
2021-04-26 08:36:39.679 > [INF] loadYaml: Loading file: /home/eran/matlab/AstroPack/config/unittest.yml
2021-04-26 08:36:39.759 > [INF] loadFolder: /home/eran/matlab/AstroPack/matlab/base/../../config/local
2021-04-26 13:15:28.860 > =========================================== Started
2021-04-26 13:15:28.873 > [TST] Started

2021-04-26 13:15:28.892 > LogFile test started
2021-04-26 13:15:28.897 > Line: 1
2021-04-26 13:15:28.924 > Line: 2
2021-04-26 13:15:28.936 > Line: 3
2021-04-26 13:15:28.940 > LogFile test passed
2021-04-26 13:15:28.946 > [TST] Test: 5
2021-04-26 13:15:28.951 > [DBG] Test: 4
2021-04-26 13:15:28.957 > [INF] Test: 3
2021-04-26 13:15:28.961 > [WRN] Test: 2
2021-04-26 13:15:28.965 > [ERR] Test: 1
2021-04-26 13:15:28.975 > [TST] MyStackTrace: 123
2021-04-26 13:15:28.982 > [TST] StackTrace:
2021-04-26 13:15:28.987 > [TST] File: MsgLogger.m, Line: #149, Caller: MsgLogger.unitTest, varargin: MyStackTrace: 123
2021-04-26 13:15:28.990 > [TST] File: UnitTester.m, Line: #166, Caller: UnitTester.testBase, varargin: MyStackTrace: 123
2021-04-26 13:15:28.993 > [TST] File: UnitTester.m, Line: #201, Caller: UnitTester.doUnitTest, varargin: MyStackTrace: 123
2021-04-26 13:15:28.997 > [TST] File: UnitTester.m, Line: #189, Caller: UnitTester.run, varargin: MyStackTrace: 123
2021-04-26 13:15:29.003 > [TST] 
2021-04-26 13:15:29.009 > [TST] Recursion(5)
2021-04-26 13:15:29.011 > [TST] StackTrace:
2021-04-26 13:15:29.014 > [TST] File: MsgLogger.m, Line: #132, Caller: MsgLogger.unitTestStackTrace, varargin: Recursion(5)
2021-04-26 13:15:29.017 > [TST] File: MsgLogger.m, Line: #150, Caller: MsgLogger.unitTest, varargin: Recursion(5)
2021-04-26 13:15:29.019 > [TST] File: UnitTester.m, Line: #166, Caller: UnitTester.testBase, varargin: Recursion(5)
2021-04-26 13:15:29.021 > [TST] File: UnitTester.m, Line: #201, Caller: UnitTester.doUnitTest, varargin: Recursion(5)
2021-04-26 13:15:29.023 > [TST] File: UnitTester.m, Line: #189, Caller: UnitTester.run, varargin: Recursion(5)
2021-04-26 13:15:29.026 > [TST] 
2021-04-26 13:15:29.031 > [TST] Recursion(4)
2021-04-26 13:15:29.035 > [TST] StackTrace:
2021-04-26 13:15:29.038 > [TST] File: MsgLogger.m, Line: #132, Caller: MsgLogger.unitTestStackTrace, varargin: Recursion(4)
2021-04-26 13:15:29.040 > [TST] File: MsgLogger.m, Line: #133, Caller: MsgLogger.unitTestStackTrace, varargin: Recursion(4)
2021-04-26 13:15:29.042 > [TST] File: MsgLogger.m, Line: #150, Caller: MsgLogger.unitTest, varargin: Recursion(4)
2021-04-26 13:15:29.044 > [TST] File: UnitTester.m, Line: #166, Caller: UnitTester.testBase, varargin: Recursion(4)
2021-04-26 13:15:29.046 > [TST] File: UnitTester.m, Line: #201, Caller: UnitTester.doUnitTest, varargin: Recursion(4)
2021-04-26 13:15:29.048 > [TST] File: UnitTester.m, Line: #189, Caller: UnitTester.run, varargin: Recursion(4)
2021-04-26 13:15:29.051 > [TST] 
2021-04-26 13:15:29.054 > [TST] Recursion(3)
2021-04-26 13:15:29.056 > [TST] StackTrace:
2021-04-26 13:15:29.058 > [TST] File: MsgLogger.m, Line: #132, Caller: MsgLogger.unitTestStackTrace, varargin: Recursion(3)
2021-04-26 13:15:29.060 > [TST] File: MsgLogger.m, Line: #133, Caller: MsgLogger.unitTestStackTrace, varargin: Recursion(3)
2021-04-26 13:15:29.062 > [TST] File: MsgLogger.m, Line: #133, Caller: MsgLogger.unitTestStackTrace, varargin: Recursion(3)
2021-04-26 13:15:29.063 > [TST] File: MsgLogger.m, Line: #150, Caller: MsgLogger.unitTest, varargin: Recursion(3)
2021-04-26 13:15:29.066 > [TST] File: UnitTester.m, Line: #166, Caller: UnitTester.testBase, varargin: Recursion(3)
2021-04-26 13:15:29.068 > [TST] File: UnitTester.m, Line: #201, Caller: UnitTester.doUnitTest, varargin: Recursion(3)
2021-04-26 13:15:29.070 > [TST] File: UnitTester.m, Line: #189, Caller: UnitTester.run, varargin: Recursion(3)
2021-04-26 13:15:29.072 > [TST] 
2021-04-26 13:15:29.076 > [TST] Recursion(2)
2021-04-26 13:15:29.079 > [TST] StackTrace:
2021-04-26 13:15:29.082 > [TST] File: MsgLogger.m, Line: #132, Caller: MsgLogger.unitTestStackTrace, varargin: Recursion(2)
2021-04-26 13:15:29.084 > [TST] File: MsgLogger.m, Line: #133, Caller: MsgLogger.unitTestStackTrace, varargin: Recursion(2)
2021-04-26 13:15:29.086 > [TST] File: MsgLogger.m, Line: #133, Caller: MsgLogger.unitTestStackTrace, varargin: Recursion(2)
2021-04-26 13:15:29.087 > [TST] File: MsgLogger.m, Line: #133, Caller: MsgLogger.unitTestStackTrace, varargin: Recursion(2)
2021-04-26 13:15:29.089 > [TST] File: MsgLogger.m, Line: #150, Caller: MsgLogger.unitTest, varargin: Recursion(2)
2021-04-26 13:15:29.090 > [TST] File: UnitTester.m, Line: #166, Caller: UnitTester.testBase, varargin: Recursion(2)
2021-04-26 13:15:29.092 > [TST] File: UnitTester.m, Line: #201, Caller: UnitTester.doUnitTest, varargin: Recursion(2)
2021-04-26 13:15:29.094 > [TST] File: UnitTester.m, Line: #189, Caller: UnitTester.run, varargin: Recursion(2)
2021-04-26 13:15:29.096 > [TST] 
2021-04-26 13:15:29.101 > [TST] Recursion(1)
2021-04-26 13:15:29.104 > [TST] StackTrace:
2021-04-26 13:15:29.106 > [TST] File: MsgLogger.m, Line: #132, Caller: MsgLogger.unitTestStackTrace, varargin: Recursion(1)
2021-04-26 13:15:29.108 > [TST] File: MsgLogger.m, Line: #133, Caller: MsgLogger.unitTestStackTrace, varargin: Recursion(1)
2021-04-26 13:15:29.111 > [TST] File: MsgLogger.m, Line: #133, Caller: MsgLogger.unitTestStackTrace, varargin: Recursion(1)
2021-04-26 13:15:29.113 > [TST] File: MsgLogger.m, Line: #133, Caller: MsgLogger.unitTestStackTrace, varargin: Recursion(1)
2021-04-26 13:15:29.116 > [TST] File: MsgLogger.m, Line: #133, Caller: MsgLogger.unitTestStackTrace, varargin: Recursion(1)
2021-04-26 13:15:29.119 > [TST] File: MsgLogger.m, Line: #150, Caller: MsgLogger.unitTest, varargin: Recursion(1)
2021-04-26 13:15:29.121 > [TST] File: UnitTester.m, Line: #166, Caller: UnitTester.testBase, varargin: Recursion(1)
2021-04-26 13:15:29.124 > [TST] File: UnitTester.m, Line: #201, Caller: UnitTester.doUnitTest, varargin: Recursion(1)
2021-04-26 13:15:29.126 > [TST] File: UnitTester.m, Line: #189, Caller: UnitTester.run, varargin: Recursion(1)
2021-04-26 13:15:29.128 > [TST] 
2021-04-26 13:15:29.134 > [TST] Base test started
2021-04-26 13:15:29.165 > [TST] Base test passed
2021-04-26 13:15:29.173 > [TST] ComponentMap test started
2021-04-26 13:15:29.181 > [DBG] ComponentMap created: (unnamed)
2021-04-26 13:15:29.273 > [INF] loadFolder: D:\Ultrasat\AstroPack.git\matlab\base\..\..\config
2021-04-26 13:15:29.281 > [INF] Adding property: A.b
2021-04-26 13:15:29.284 > [INF] loadYaml: Loading file: D:\Ultrasat\AstroPack.git\config\A.b.yml
2021-04-26 13:15:30.447 > [INF] Adding property: BitMask.Image.Default
2021-04-26 13:15:30.490 > [INF] loadYaml: Loading file: D:\Ultrasat\AstroPack.git\config\BitMask.Image.Default.yml
2021-04-26 13:15:30.745 > [ERR] loadYaml: Exception loading file: D:\Ultrasat\AstroPack.git\config\BitMask.Image.Default.yml
2021-04-26 13:15:30.749 > [ERR] loadFile: Exception: D:\Ultrasat\AstroPack.git\config\BitMask.Image.Default.yml
2021-04-26 13:15:30.754 > [INF] Adding property: Header.Comments.Default
2021-04-26 13:15:30.757 > [INF] loadYaml: Loading file: D:\Ultrasat\AstroPack.git\config\Header.Comments.Default.yml
2021-04-26 13:15:30.938 > [INF] Adding property: Header.KeyNames.Default
2021-04-26 13:15:30.941 > [INF] loadYaml: Loading file: D:\Ultrasat\AstroPack.git\config\Header.KeyNames.Default.yml
2021-04-26 13:15:31.161 > [INF] Adding property: Header.Synonyms.KeyNames
2021-04-26 13:15:31.164 > [INF] loadYaml: Loading file: D:\Ultrasat\AstroPack.git\config\Header.Synonyms.KeyNames.yml
2021-04-26 13:15:31.236 > [INF] Adding property: Header.Synonyms.KeyVal.IMTYPE
2021-04-26 13:15:31.239 > [INF] loadYaml: Loading file: D:\Ultrasat\AstroPack.git\config\Header.Synonyms.KeyVal.IMTYPE.yml
2021-04-26 13:15:31.275 > [INF] Adding property: Header.Time.KeyNames
2021-04-26 13:15:31.277 > [INF] loadYaml: Loading file: D:\Ultrasat\AstroPack.git\config\Header.Time.KeyNames.yml
2021-04-26 13:15:31.295 > [ERR] loadYaml: Exception loading file: D:\Ultrasat\AstroPack.git\config\Header.Time.KeyNames.yml
2021-04-26 13:15:31.299 > [ERR] loadFile: Exception: D:\Ultrasat\AstroPack.git\config\Header.Time.KeyNames.yml
2021-04-26 13:15:31.303 > [INF] Adding property: System
2021-04-26 13:15:31.305 > [INF] loadYaml: Loading file: D:\Ultrasat\AstroPack.git\config\System.yml
2021-04-26 13:15:31.352 > [INF] Adding property: UnitTest
2021-04-26 13:15:31.355 > [INF] loadYaml: Loading file: D:\Ultrasat\AstroPack.git\config\UnitTest.yml
2021-04-26 13:15:31.438 > [INF] Adding property: header
2021-04-26 13:15:31.441 > [INF] loadYaml: Loading file: D:\Ultrasat\AstroPack.git\config\header.yml
2021-04-26 13:15:31.453 > [ERR] loadYaml: Exception loading file: D:\Ultrasat\AstroPack.git\config\header.yml
2021-04-26 13:15:31.456 > [ERR] loadFile: Exception: D:\Ultrasat\AstroPack.git\config\header.yml
2021-04-26 13:15:31.458 > [INF] Adding property: pipeline
2021-04-26 13:15:31.460 > [INF] loadYaml: Loading file: D:\Ultrasat\AstroPack.git\config\pipeline.yml
2021-04-26 13:15:31.508 > [INF] loadFolder: D:\Ultrasat\AstroPack.git\matlab\base\..\..\config\local
2021-04-26 13:15:31.527 > [INF] ComponentMap.add: c876f530-edd0-4085-bb03-06fd929703f4
2021-04-26 13:15:31.540 > [DBG] ComponentMap.remove: c876f530-edd0-4085-bb03-06fd929703f4
2021-04-26 13:15:31.548 > [TST] ComponentMap test passed
2021-04-26 13:15:31.551 > [DBG] ComponentMap deleted: (unnamed)
2021-04-26 13:15:31.560 > [TST] Configuration test started
2021-04-26 13:15:31.569 > [TST] Testing low level functions
2021-04-26 13:15:31.572 > [INF] loadYaml: Loading file: D:\Ultrasat\AstroPack.git\matlab\base\..\..\config\local\UnitTest.yml
2021-04-26 13:15:31.574 > [ERR] loadYaml: File not found: D:\Ultrasat\AstroPack.git\matlab\base\..\..\config\local\UnitTest.yml
2021-04-26 13:15:31.602 > [ERR] unitTest: Exception
2021-04-26 13:16:02.592 > =========================================== Started
2021-04-26 13:16:02.608 > [TST] Started

2021-04-26 13:16:02.624 > LogFile test started
2021-04-26 13:16:02.639 > Line: 1
2021-04-26 13:16:02.675 > Line: 2
2021-04-26 13:16:02.685 > Line: 3
2021-04-26 13:16:02.688 > LogFile test passed
2021-04-26 13:16:02.695 > [TST] Test: 5
2021-04-26 13:16:02.701 > [DBG] Test: 4
2021-04-26 13:16:02.707 > [INF] Test: 3
2021-04-26 13:16:02.711 > [WRN] Test: 2
2021-04-26 13:16:02.715 > [ERR] Test: 1
2021-04-26 13:16:02.723 > [TST] MyStackTrace: 123
2021-04-26 13:16:02.729 > [TST] StackTrace:
2021-04-26 13:16:02.732 > [TST] File: MsgLogger.m, Line: #149, Caller: MsgLogger.unitTest, varargin: MyStackTrace: 123
2021-04-26 13:16:02.735 > [TST] File: UnitTester.m, Line: #166, Caller: UnitTester.testBase, varargin: MyStackTrace: 123
2021-04-26 13:16:02.737 > [TST] File: UnitTester.m, Line: #201, Caller: UnitTester.doUnitTest, varargin: MyStackTrace: 123
2021-04-26 13:16:02.739 > [TST] File: UnitTester.m, Line: #189, Caller: UnitTester.run, varargin: MyStackTrace: 123
2021-04-26 13:16:02.744 > [TST] 
2021-04-26 13:16:02.750 > [TST] Recursion(5)
2021-04-26 13:16:02.752 > [TST] StackTrace:
2021-04-26 13:16:02.755 > [TST] File: MsgLogger.m, Line: #132, Caller: MsgLogger.unitTestStackTrace, varargin: Recursion(5)
2021-04-26 13:16:02.758 > [TST] File: MsgLogger.m, Line: #150, Caller: MsgLogger.unitTest, varargin: Recursion(5)
2021-04-26 13:16:02.760 > [TST] File: UnitTester.m, Line: #166, Caller: UnitTester.testBase, varargin: Recursion(5)
2021-04-26 13:16:02.762 > [TST] File: UnitTester.m, Line: #201, Caller: UnitTester.doUnitTest, varargin: Recursion(5)
2021-04-26 13:16:02.764 > [TST] File: UnitTester.m, Line: #189, Caller: UnitTester.run, varargin: Recursion(5)
2021-04-26 13:16:02.766 > [TST] 
2021-04-26 13:16:02.769 > [TST] Recursion(4)
2021-04-26 13:16:02.772 > [TST] StackTrace:
2021-04-26 13:16:02.775 > [TST] File: MsgLogger.m, Line: #132, Caller: MsgLogger.unitTestStackTrace, varargin: Recursion(4)
2021-04-26 13:16:02.777 > [TST] File: MsgLogger.m, Line: #133, Caller: MsgLogger.unitTestStackTrace, varargin: Recursion(4)
2021-04-26 13:16:02.780 > [TST] File: MsgLogger.m, Line: #150, Caller: MsgLogger.unitTest, varargin: Recursion(4)
2021-04-26 13:16:02.783 > [TST] File: UnitTester.m, Line: #166, Caller: UnitTester.testBase, varargin: Recursion(4)
2021-04-26 13:16:02.785 > [TST] File: UnitTester.m, Line: #201, Caller: UnitTester.doUnitTest, varargin: Recursion(4)
2021-04-26 13:16:02.787 > [TST] File: UnitTester.m, Line: #189, Caller: UnitTester.run, varargin: Recursion(4)
2021-04-26 13:16:02.789 > [TST] 
2021-04-26 13:16:02.793 > [TST] Recursion(3)
2021-04-26 13:16:02.798 > [TST] StackTrace:
2021-04-26 13:16:02.801 > [TST] File: MsgLogger.m, Line: #132, Caller: MsgLogger.unitTestStackTrace, varargin: Recursion(3)
2021-04-26 13:16:02.804 > [TST] File: MsgLogger.m, Line: #133, Caller: MsgLogger.unitTestStackTrace, varargin: Recursion(3)
2021-04-26 13:16:02.808 > [TST] File: MsgLogger.m, Line: #133, Caller: MsgLogger.unitTestStackTrace, varargin: Recursion(3)
2021-04-26 13:16:02.810 > [TST] File: MsgLogger.m, Line: #150, Caller: MsgLogger.unitTest, varargin: Recursion(3)
2021-04-26 13:16:02.814 > [TST] File: UnitTester.m, Line: #166, Caller: UnitTester.testBase, varargin: Recursion(3)
2021-04-26 13:16:02.816 > [TST] File: UnitTester.m, Line: #201, Caller: UnitTester.doUnitTest, varargin: Recursion(3)
2021-04-26 13:16:02.819 > [TST] File: UnitTester.m, Line: #189, Caller: UnitTester.run, varargin: Recursion(3)
2021-04-26 13:16:02.822 > [TST] 
2021-04-26 13:16:02.828 > [TST] Recursion(2)
2021-04-26 13:16:02.833 > [TST] StackTrace:
2021-04-26 13:16:02.845 > [TST] File: MsgLogger.m, Line: #132, Caller: MsgLogger.unitTestStackTrace, varargin: Recursion(2)
2021-04-26 13:16:02.848 > [TST] File: MsgLogger.m, Line: #133, Caller: MsgLogger.unitTestStackTrace, varargin: Recursion(2)
2021-04-26 13:16:02.851 > [TST] File: MsgLogger.m, Line: #133, Caller: MsgLogger.unitTestStackTrace, varargin: Recursion(2)
2021-04-26 13:16:02.861 > [TST] File: MsgLogger.m, Line: #133, Caller: MsgLogger.unitTestStackTrace, varargin: Recursion(2)
2021-04-26 13:16:02.864 > [TST] File: MsgLogger.m, Line: #150, Caller: MsgLogger.unitTest, varargin: Recursion(2)
2021-04-26 13:16:02.867 > [TST] File: UnitTester.m, Line: #166, Caller: UnitTester.testBase, varargin: Recursion(2)
2021-04-26 13:16:02.871 > [TST] File: UnitTester.m, Line: #201, Caller: UnitTester.doUnitTest, varargin: Recursion(2)
2021-04-26 13:16:02.874 > [TST] File: UnitTester.m, Line: #189, Caller: UnitTester.run, varargin: Recursion(2)
2021-04-26 13:16:02.877 > [TST] 
2021-04-26 13:16:02.884 > [TST] Recursion(1)
2021-04-26 13:16:02.886 > [TST] StackTrace:
2021-04-26 13:16:02.889 > [TST] File: MsgLogger.m, Line: #132, Caller: MsgLogger.unitTestStackTrace, varargin: Recursion(1)
2021-04-26 13:16:02.892 > [TST] File: MsgLogger.m, Line: #133, Caller: MsgLogger.unitTestStackTrace, varargin: Recursion(1)
2021-04-26 13:16:02.895 > [TST] File: MsgLogger.m, Line: #133, Caller: MsgLogger.unitTestStackTrace, varargin: Recursion(1)
2021-04-26 13:16:02.898 > [TST] File: MsgLogger.m, Line: #133, Caller: MsgLogger.unitTestStackTrace, varargin: Recursion(1)
2021-04-26 13:16:02.901 > [TST] File: MsgLogger.m, Line: #133, Caller: MsgLogger.unitTestStackTrace, varargin: Recursion(1)
2021-04-26 13:16:02.903 > [TST] File: MsgLogger.m, Line: #150, Caller: MsgLogger.unitTest, varargin: Recursion(1)
2021-04-26 13:16:02.905 > [TST] File: UnitTester.m, Line: #166, Caller: UnitTester.testBase, varargin: Recursion(1)
2021-04-26 13:16:02.907 > [TST] File: UnitTester.m, Line: #201, Caller: UnitTester.doUnitTest, varargin: Recursion(1)
2021-04-26 13:16:02.909 > [TST] File: UnitTester.m, Line: #189, Caller: UnitTester.run, varargin: Recursion(1)
2021-04-26 13:16:02.911 > [TST] 
2021-04-26 13:16:02.931 > [TST] Base test started
2021-04-26 13:16:02.957 > [TST] Base test passed
2021-04-26 13:16:02.979 > [TST] ComponentMap test started
2021-04-26 13:16:02.985 > [DBG] ComponentMap created: (unnamed)
2021-04-26 13:16:03.192 > [INF] loadFolder: D:\Ultrasat\AstroPack.git\matlab\base\..\..\config
2021-04-26 13:16:03.204 > [INF] Adding property: A.b
2021-04-26 13:16:03.208 > [INF] loadYaml: Loading file: D:\Ultrasat\AstroPack.git\config\A.b.yml
2021-04-26 13:16:03.552 > [INF] Adding property: BitMask.Image.Default
2021-04-26 13:16:03.560 > [INF] loadYaml: Loading file: D:\Ultrasat\AstroPack.git\config\BitMask.Image.Default.yml
2021-04-26 13:16:03.590 > [ERR] loadYaml: Exception loading file: D:\Ultrasat\AstroPack.git\config\BitMask.Image.Default.yml
2021-04-26 13:16:03.593 > [ERR] loadFile: Exception: D:\Ultrasat\AstroPack.git\config\BitMask.Image.Default.yml
2021-04-26 13:16:03.599 > [INF] Adding property: Header.Comments.Default
2021-04-26 13:16:03.602 > [INF] loadYaml: Loading file: D:\Ultrasat\AstroPack.git\config\Header.Comments.Default.yml
2021-04-26 13:16:03.777 > [INF] Adding property: Header.KeyNames.Default
2021-04-26 13:16:03.780 > [INF] loadYaml: Loading file: D:\Ultrasat\AstroPack.git\config\Header.KeyNames.Default.yml
2021-04-26 13:16:03.963 > [INF] Adding property: Header.Synonyms.KeyNames
2021-04-26 13:16:03.966 > [INF] loadYaml: Loading file: D:\Ultrasat\AstroPack.git\config\Header.Synonyms.KeyNames.yml
2021-04-26 13:16:04.036 > [INF] Adding property: Header.Synonyms.KeyVal.IMTYPE
2021-04-26 13:16:04.038 > [INF] loadYaml: Loading file: D:\Ultrasat\AstroPack.git\config\Header.Synonyms.KeyVal.IMTYPE.yml
2021-04-26 13:16:04.074 > [INF] Adding property: Header.Time.KeyNames
2021-04-26 13:16:04.077 > [INF] loadYaml: Loading file: D:\Ultrasat\AstroPack.git\config\Header.Time.KeyNames.yml
2021-04-26 13:16:04.092 > [ERR] loadYaml: Exception loading file: D:\Ultrasat\AstroPack.git\config\Header.Time.KeyNames.yml
2021-04-26 13:16:04.096 > [ERR] loadFile: Exception: D:\Ultrasat\AstroPack.git\config\Header.Time.KeyNames.yml
2021-04-26 13:16:04.100 > [INF] Adding property: System
2021-04-26 13:16:04.102 > [INF] loadYaml: Loading file: D:\Ultrasat\AstroPack.git\config\System.yml
2021-04-26 13:16:04.144 > [INF] Adding property: UnitTest
2021-04-26 13:16:04.146 > [INF] loadYaml: Loading file: D:\Ultrasat\AstroPack.git\config\UnitTest.yml
2021-04-26 13:16:04.226 > [INF] Adding property: header
2021-04-26 13:16:04.228 > [INF] loadYaml: Loading file: D:\Ultrasat\AstroPack.git\config\header.yml
2021-04-26 13:16:04.239 > [ERR] loadYaml: Exception loading file: D:\Ultrasat\AstroPack.git\config\header.yml
2021-04-26 13:16:04.241 > [ERR] loadFile: Exception: D:\Ultrasat\AstroPack.git\config\header.yml
2021-04-26 13:16:04.244 > [INF] Adding property: pipeline
2021-04-26 13:16:04.246 > [INF] loadYaml: Loading file: D:\Ultrasat\AstroPack.git\config\pipeline.yml
2021-04-26 13:16:04.293 > [INF] loadFolder: D:\Ultrasat\AstroPack.git\matlab\base\..\..\config\local
2021-04-26 13:16:04.302 > [INF] ComponentMap.add: 195d58e8-04db-4ef5-a5ab-6923908b9f57
2021-04-26 13:16:04.308 > [DBG] ComponentMap.remove: 195d58e8-04db-4ef5-a5ab-6923908b9f57
2021-04-26 13:16:04.312 > [TST] ComponentMap test passed
2021-04-26 13:16:04.316 > [DBG] ComponentMap deleted: (unnamed)
2021-04-26 13:16:04.320 > [TST] Configuration test started
2021-04-26 13:16:06.327 > [TST] Testing low level functions
2021-04-26 13:17:10.049 > =========================================== Started
2021-04-26 13:17:10.057 > [TST] Started

2021-04-26 13:17:10.066 > LogFile test started
2021-04-26 13:17:10.072 > Line: 1
2021-04-26 13:17:10.095 > Line: 2
2021-04-26 13:17:10.103 > Line: 3
2021-04-26 13:17:10.106 > LogFile test passed
2021-04-26 13:17:10.111 > [TST] Test: 5
2021-04-26 13:17:10.115 > [DBG] Test: 4
2021-04-26 13:17:10.119 > [INF] Test: 3
2021-04-26 13:17:10.123 > [WRN] Test: 2
2021-04-26 13:17:10.129 > [ERR] Test: 1
2021-04-26 13:17:10.135 > [TST] MyStackTrace: 123
2021-04-26 13:17:10.141 > [TST] StackTrace:
2021-04-26 13:17:10.145 > [TST] File: MsgLogger.m, Line: #149, Caller: MsgLogger.unitTest, varargin: MyStackTrace: 123
2021-04-26 13:17:10.147 > [TST] File: UnitTester.m, Line: #166, Caller: UnitTester.testBase, varargin: MyStackTrace: 123
2021-04-26 13:17:10.149 > [TST] File: UnitTester.m, Line: #201, Caller: UnitTester.doUnitTest, varargin: MyStackTrace: 123
2021-04-26 13:17:10.152 > [TST] File: UnitTester.m, Line: #189, Caller: UnitTester.run, varargin: MyStackTrace: 123
2021-04-26 13:17:10.158 > [TST] 
2021-04-26 13:17:10.163 > [TST] Recursion(5)
2021-04-26 13:17:10.166 > [TST] StackTrace:
2021-04-26 13:17:10.169 > [TST] File: MsgLogger.m, Line: #132, Caller: MsgLogger.unitTestStackTrace, varargin: Recursion(5)
2021-04-26 13:17:10.172 > [TST] File: MsgLogger.m, Line: #150, Caller: MsgLogger.unitTest, varargin: Recursion(5)
2021-04-26 13:17:10.174 > [TST] File: UnitTester.m, Line: #166, Caller: UnitTester.testBase, varargin: Recursion(5)
2021-04-26 13:17:10.176 > [TST] File: UnitTester.m, Line: #201, Caller: UnitTester.doUnitTest, varargin: Recursion(5)
2021-04-26 13:17:10.178 > [TST] File: UnitTester.m, Line: #189, Caller: UnitTester.run, varargin: Recursion(5)
2021-04-26 13:17:10.181 > [TST] 
2021-04-26 13:17:10.184 > [TST] Recursion(4)
2021-04-26 13:17:10.187 > [TST] StackTrace:
2021-04-26 13:17:10.189 > [TST] File: MsgLogger.m, Line: #132, Caller: MsgLogger.unitTestStackTrace, varargin: Recursion(4)
2021-04-26 13:17:10.190 > [TST] File: MsgLogger.m, Line: #133, Caller: MsgLogger.unitTestStackTrace, varargin: Recursion(4)
2021-04-26 13:17:10.192 > [TST] File: MsgLogger.m, Line: #150, Caller: MsgLogger.unitTest, varargin: Recursion(4)
2021-04-26 13:17:10.194 > [TST] File: UnitTester.m, Line: #166, Caller: UnitTester.testBase, varargin: Recursion(4)
2021-04-26 13:17:10.196 > [TST] File: UnitTester.m, Line: #201, Caller: UnitTester.doUnitTest, varargin: Recursion(4)
2021-04-26 13:17:10.198 > [TST] File: UnitTester.m, Line: #189, Caller: UnitTester.run, varargin: Recursion(4)
2021-04-26 13:17:10.200 > [TST] 
2021-04-26 13:17:10.203 > [TST] Recursion(3)
2021-04-26 13:17:10.204 > [TST] StackTrace:
2021-04-26 13:17:10.206 > [TST] File: MsgLogger.m, Line: #132, Caller: MsgLogger.unitTestStackTrace, varargin: Recursion(3)
2021-04-26 13:17:10.208 > [TST] File: MsgLogger.m, Line: #133, Caller: MsgLogger.unitTestStackTrace, varargin: Recursion(3)
2021-04-26 13:17:10.209 > [TST] File: MsgLogger.m, Line: #133, Caller: MsgLogger.unitTestStackTrace, varargin: Recursion(3)
2021-04-26 13:17:10.211 > [TST] File: MsgLogger.m, Line: #150, Caller: MsgLogger.unitTest, varargin: Recursion(3)
2021-04-26 13:17:10.214 > [TST] File: UnitTester.m, Line: #166, Caller: UnitTester.testBase, varargin: Recursion(3)
2021-04-26 13:17:10.216 > [TST] File: UnitTester.m, Line: #201, Caller: UnitTester.doUnitTest, varargin: Recursion(3)
2021-04-26 13:17:10.217 > [TST] File: UnitTester.m, Line: #189, Caller: UnitTester.run, varargin: Recursion(3)
2021-04-26 13:17:10.219 > [TST] 
2021-04-26 13:17:10.223 > [TST] Recursion(2)
2021-04-26 13:17:10.225 > [TST] StackTrace:
2021-04-26 13:17:10.228 > [TST] File: MsgLogger.m, Line: #132, Caller: MsgLogger.unitTestStackTrace, varargin: Recursion(2)
2021-04-26 13:17:10.230 > [TST] File: MsgLogger.m, Line: #133, Caller: MsgLogger.unitTestStackTrace, varargin: Recursion(2)
2021-04-26 13:17:10.231 > [TST] File: MsgLogger.m, Line: #133, Caller: MsgLogger.unitTestStackTrace, varargin: Recursion(2)
2021-04-26 13:17:10.233 > [TST] File: MsgLogger.m, Line: #133, Caller: MsgLogger.unitTestStackTrace, varargin: Recursion(2)
2021-04-26 13:17:10.234 > [TST] File: MsgLogger.m, Line: #150, Caller: MsgLogger.unitTest, varargin: Recursion(2)
2021-04-26 13:17:10.236 > [TST] File: UnitTester.m, Line: #166, Caller: UnitTester.testBase, varargin: Recursion(2)
2021-04-26 13:17:10.237 > [TST] File: UnitTester.m, Line: #201, Caller: UnitTester.doUnitTest, varargin: Recursion(2)
2021-04-26 13:17:10.239 > [TST] File: UnitTester.m, Line: #189, Caller: UnitTester.run, varargin: Recursion(2)
2021-04-26 13:17:10.241 > [TST] 
2021-04-26 13:17:10.245 > [TST] Recursion(1)
2021-04-26 13:17:10.247 > [TST] StackTrace:
2021-04-26 13:17:10.248 > [TST] File: MsgLogger.m, Line: #132, Caller: MsgLogger.unitTestStackTrace, varargin: Recursion(1)
2021-04-26 13:17:10.250 > [TST] File: MsgLogger.m, Line: #133, Caller: MsgLogger.unitTestStackTrace, varargin: Recursion(1)
2021-04-26 13:17:10.252 > [TST] File: MsgLogger.m, Line: #133, Caller: MsgLogger.unitTestStackTrace, varargin: Recursion(1)
2021-04-26 13:17:10.254 > [TST] File: MsgLogger.m, Line: #133, Caller: MsgLogger.unitTestStackTrace, varargin: Recursion(1)
2021-04-26 13:17:10.256 > [TST] File: MsgLogger.m, Line: #133, Caller: MsgLogger.unitTestStackTrace, varargin: Recursion(1)
2021-04-26 13:17:10.258 > [TST] File: MsgLogger.m, Line: #150, Caller: MsgLogger.unitTest, varargin: Recursion(1)
2021-04-26 13:17:10.260 > [TST] File: UnitTester.m, Line: #166, Caller: UnitTester.testBase, varargin: Recursion(1)
2021-04-26 13:17:10.262 > [TST] File: UnitTester.m, Line: #201, Caller: UnitTester.doUnitTest, varargin: Recursion(1)
2021-04-26 13:17:10.263 > [TST] File: UnitTester.m, Line: #189, Caller: UnitTester.run, varargin: Recursion(1)
2021-04-26 13:17:10.265 > [TST] 
2021-04-26 13:17:10.275 > [TST] Base test started
2021-04-26 13:17:10.286 > [TST] Base test passed
2021-04-26 13:17:10.299 > [TST] ComponentMap test started
2021-04-26 13:17:10.306 > [DBG] ComponentMap created: (unnamed)
2021-04-26 13:17:38.431 > [INF] loadFolder: D:\Ultrasat\AstroPack.git\matlab\base\..\..\config
2021-04-26 13:17:49.027 > [INF] Adding property: A.b
2021-04-26 13:17:49.063 > [INF] loadYaml: Loading file: D:\Ultrasat\AstroPack.git\config\A.b.yml
2021-04-26 13:17:50.901 > [INF] Adding property: BitMask.Image.Default
2021-04-26 13:17:50.932 > [INF] loadYaml: Loading file: D:\Ultrasat\AstroPack.git\config\BitMask.Image.Default.yml
2021-04-26 13:17:50.967 > [ERR] loadYaml: Exception loading file: D:\Ultrasat\AstroPack.git\config\BitMask.Image.Default.yml
2021-04-26 13:17:50.971 > [ERR] loadFile: Exception: D:\Ultrasat\AstroPack.git\config\BitMask.Image.Default.yml
2021-04-26 13:17:51.812 > [INF] Adding property: Header.Comments.Default
2021-04-26 13:17:51.842 > [INF] loadYaml: Loading file: D:\Ultrasat\AstroPack.git\config\Header.Comments.Default.yml
2021-04-26 13:17:53.662 > [INF] Adding property: Header.KeyNames.Default
2021-04-26 13:17:53.689 > [INF] loadYaml: Loading file: D:\Ultrasat\AstroPack.git\config\Header.KeyNames.Default.yml
2021-04-26 13:17:55.292 > [INF] Adding property: Header.Synonyms.KeyNames
2021-04-26 13:17:55.322 > [INF] loadYaml: Loading file: D:\Ultrasat\AstroPack.git\config\Header.Synonyms.KeyNames.yml
2021-04-26 13:17:57.139 > [INF] Adding property: Header.Synonyms.KeyVal.IMTYPE
2021-04-26 13:17:57.173 > [INF] loadYaml: Loading file: D:\Ultrasat\AstroPack.git\config\Header.Synonyms.KeyVal.IMTYPE.yml
2021-04-26 13:17:59.272 > [INF] Adding property: Header.Time.KeyNames
2021-04-26 13:17:59.301 > [INF] loadYaml: Loading file: D:\Ultrasat\AstroPack.git\config\Header.Time.KeyNames.yml
2021-04-26 13:17:59.338 > [ERR] loadYaml: Exception loading file: D:\Ultrasat\AstroPack.git\config\Header.Time.KeyNames.yml
2021-04-26 13:17:59.342 > [ERR] loadFile: Exception: D:\Ultrasat\AstroPack.git\config\Header.Time.KeyNames.yml
2021-04-26 13:18:01.247 > [INF] Adding property: System
2021-04-26 13:18:01.277 > [INF] loadYaml: Loading file: D:\Ultrasat\AstroPack.git\config\System.yml
2021-04-26 13:18:04.056 > [INF] Adding property: UnitTest
2021-04-26 13:18:04.087 > [INF] loadYaml: Loading file: D:\Ultrasat\AstroPack.git\config\UnitTest.yml
2021-04-26 13:18:06.048 > [INF] Adding property: header
2021-04-26 13:18:06.079 > [INF] loadYaml: Loading file: D:\Ultrasat\AstroPack.git\config\header.yml
2021-04-26 13:18:06.114 > [ERR] loadYaml: Exception loading file: D:\Ultrasat\AstroPack.git\config\header.yml
2021-04-26 13:18:06.118 > [ERR] loadFile: Exception: D:\Ultrasat\AstroPack.git\config\header.yml
2021-04-26 13:18:08.114 > [INF] Adding property: pipeline
2021-04-26 13:18:08.144 > [INF] loadYaml: Loading file: D:\Ultrasat\AstroPack.git\config\pipeline.yml
2021-04-26 13:18:45.921 > [INF] loadFolder: D:\Ultrasat\AstroPack.git\matlab\base\..\..\config\local
2021-04-26 13:19:14.861 > [DBG] ComponentMap deleted: (unnamed)
2021-04-26 13:19:22.279 > [TST] Started

2021-04-26 13:19:22.293 > LogFile test started
2021-04-26 13:19:22.297 > Line: 1
2021-04-26 13:19:22.300 > Line: 2
2021-04-26 13:19:22.302 > Line: 3
2021-04-26 13:19:22.304 > LogFile test passed
2021-04-26 13:19:22.309 > [TST] Test: 5
2021-04-26 13:19:22.313 > [DBG] Test: 4
2021-04-26 13:19:22.316 > [INF] Test: 3
2021-04-26 13:19:22.319 > [WRN] Test: 2
2021-04-26 13:19:22.322 > [ERR] Test: 1
2021-04-26 13:19:22.329 > [TST] MyStackTrace: 123
2021-04-26 13:19:22.333 > [TST] StackTrace:
2021-04-26 13:19:22.337 > [TST] File: MsgLogger.m, Line: #149, Caller: MsgLogger.unitTest, varargin: MyStackTrace: 123
2021-04-26 13:19:22.340 > [TST] File: UnitTester.m, Line: #166, Caller: UnitTester.testBase, varargin: MyStackTrace: 123
2021-04-26 13:19:22.342 > [TST] File: UnitTester.m, Line: #201, Caller: UnitTester.doUnitTest, varargin: MyStackTrace: 123
2021-04-26 13:19:22.344 > [TST] File: UnitTester.m, Line: #189, Caller: UnitTester.run, varargin: MyStackTrace: 123
2021-04-26 13:19:22.349 > [TST] 
2021-04-26 13:19:22.354 > [TST] Recursion(5)
2021-04-26 13:19:22.356 > [TST] StackTrace:
2021-04-26 13:19:22.358 > [TST] File: MsgLogger.m, Line: #132, Caller: MsgLogger.unitTestStackTrace, varargin: Recursion(5)
2021-04-26 13:19:22.360 > [TST] File: MsgLogger.m, Line: #150, Caller: MsgLogger.unitTest, varargin: Recursion(5)
2021-04-26 13:19:22.362 > [TST] File: UnitTester.m, Line: #166, Caller: UnitTester.testBase, varargin: Recursion(5)
2021-04-26 13:19:22.364 > [TST] File: UnitTester.m, Line: #201, Caller: UnitTester.doUnitTest, varargin: Recursion(5)
2021-04-26 13:19:22.365 > [TST] File: UnitTester.m, Line: #189, Caller: UnitTester.run, varargin: Recursion(5)
2021-04-26 13:19:22.367 > [TST] 
2021-04-26 13:19:22.369 > [TST] Recursion(4)
2021-04-26 13:19:22.371 > [TST] StackTrace:
2021-04-26 13:19:22.373 > [TST] File: MsgLogger.m, Line: #132, Caller: MsgLogger.unitTestStackTrace, varargin: Recursion(4)
2021-04-26 13:19:22.374 > [TST] File: MsgLogger.m, Line: #133, Caller: MsgLogger.unitTestStackTrace, varargin: Recursion(4)
2021-04-26 13:19:22.376 > [TST] File: MsgLogger.m, Line: #150, Caller: MsgLogger.unitTest, varargin: Recursion(4)
2021-04-26 13:19:22.379 > [TST] File: UnitTester.m, Line: #166, Caller: UnitTester.testBase, varargin: Recursion(4)
2021-04-26 13:19:22.381 > [TST] File: UnitTester.m, Line: #201, Caller: UnitTester.doUnitTest, varargin: Recursion(4)
2021-04-26 13:19:22.383 > [TST] File: UnitTester.m, Line: #189, Caller: UnitTester.run, varargin: Recursion(4)
2021-04-26 13:19:22.384 > [TST] 
2021-04-26 13:19:22.386 > [TST] Recursion(3)
2021-04-26 13:19:22.388 > [TST] StackTrace:
2021-04-26 13:19:22.390 > [TST] File: MsgLogger.m, Line: #132, Caller: MsgLogger.unitTestStackTrace, varargin: Recursion(3)
2021-04-26 13:19:22.391 > [TST] File: MsgLogger.m, Line: #133, Caller: MsgLogger.unitTestStackTrace, varargin: Recursion(3)
2021-04-26 13:19:22.393 > [TST] File: MsgLogger.m, Line: #133, Caller: MsgLogger.unitTestStackTrace, varargin: Recursion(3)
2021-04-26 13:19:22.396 > [TST] File: MsgLogger.m, Line: #150, Caller: MsgLogger.unitTest, varargin: Recursion(3)
2021-04-26 13:19:22.398 > [TST] File: UnitTester.m, Line: #166, Caller: UnitTester.testBase, varargin: Recursion(3)
2021-04-26 13:19:22.399 > [TST] File: UnitTester.m, Line: #201, Caller: UnitTester.doUnitTest, varargin: Recursion(3)
2021-04-26 13:19:22.401 > [TST] File: UnitTester.m, Line: #189, Caller: UnitTester.run, varargin: Recursion(3)
2021-04-26 13:19:22.402 > [TST] 
2021-04-26 13:19:22.404 > [TST] Recursion(2)
2021-04-26 13:19:22.405 > [TST] StackTrace:
2021-04-26 13:19:22.406 > [TST] File: MsgLogger.m, Line: #132, Caller: MsgLogger.unitTestStackTrace, varargin: Recursion(2)
2021-04-26 13:19:22.408 > [TST] File: MsgLogger.m, Line: #133, Caller: MsgLogger.unitTestStackTrace, varargin: Recursion(2)
2021-04-26 13:19:22.411 > [TST] File: MsgLogger.m, Line: #133, Caller: MsgLogger.unitTestStackTrace, varargin: Recursion(2)
2021-04-26 13:19:22.413 > [TST] File: MsgLogger.m, Line: #133, Caller: MsgLogger.unitTestStackTrace, varargin: Recursion(2)
2021-04-26 13:19:22.415 > [TST] File: MsgLogger.m, Line: #150, Caller: MsgLogger.unitTest, varargin: Recursion(2)
2021-04-26 13:19:22.418 > [TST] File: UnitTester.m, Line: #166, Caller: UnitTester.testBase, varargin: Recursion(2)
2021-04-26 13:19:22.420 > [TST] File: UnitTester.m, Line: #201, Caller: UnitTester.doUnitTest, varargin: Recursion(2)
2021-04-26 13:19:22.421 > [TST] File: UnitTester.m, Line: #189, Caller: UnitTester.run, varargin: Recursion(2)
2021-04-26 13:19:22.423 > [TST] 
2021-04-26 13:19:22.425 > [TST] Recursion(1)
2021-04-26 13:19:22.427 > [TST] StackTrace:
2021-04-26 13:19:22.430 > [TST] File: MsgLogger.m, Line: #132, Caller: MsgLogger.unitTestStackTrace, varargin: Recursion(1)
2021-04-26 13:19:22.432 > [TST] File: MsgLogger.m, Line: #133, Caller: MsgLogger.unitTestStackTrace, varargin: Recursion(1)
2021-04-26 13:19:22.434 > [TST] File: MsgLogger.m, Line: #133, Caller: MsgLogger.unitTestStackTrace, varargin: Recursion(1)
2021-04-26 13:19:22.436 > [TST] File: MsgLogger.m, Line: #133, Caller: MsgLogger.unitTestStackTrace, varargin: Recursion(1)
2021-04-26 13:19:22.437 > [TST] File: MsgLogger.m, Line: #133, Caller: MsgLogger.unitTestStackTrace, varargin: Recursion(1)
2021-04-26 13:19:22.439 > [TST] File: MsgLogger.m, Line: #150, Caller: MsgLogger.unitTest, varargin: Recursion(1)
2021-04-26 13:19:22.441 > [TST] File: UnitTester.m, Line: #166, Caller: UnitTester.testBase, varargin: Recursion(1)
2021-04-26 13:19:22.442 > [TST] File: UnitTester.m, Line: #201, Caller: UnitTester.doUnitTest, varargin: Recursion(1)
2021-04-26 13:19:22.445 > [TST] File: UnitTester.m, Line: #189, Caller: UnitTester.run, varargin: Recursion(1)
2021-04-26 13:19:22.447 > [TST] 
2021-04-26 13:19:22.450 > [TST] Base test started
2021-04-26 13:19:22.459 > [TST] Base test passed
2021-04-26 13:19:22.462 > [TST] ComponentMap test started
2021-04-26 13:19:22.467 > [DBG] ComponentMap created: (unnamed)
2021-04-26 13:19:24.430 > [INF] loadFolder: D:\Ultrasat\AstroPack.git\matlab\base\..\..\config
2021-04-26 13:19:24.437 > [INF] Adding property: A.b
2021-04-26 13:19:24.440 > [INF] loadYaml: Loading file: D:\Ultrasat\AstroPack.git\config\A.b.yml
2021-04-26 13:19:24.639 > [INF] Adding property: BitMask.Image.Default
2021-04-26 13:19:24.642 > [INF] loadYaml: Loading file: D:\Ultrasat\AstroPack.git\config\BitMask.Image.Default.yml
2021-04-26 13:19:24.655 > [ERR] loadYaml: Exception loading file: D:\Ultrasat\AstroPack.git\config\BitMask.Image.Default.yml
2021-04-26 13:19:24.658 > [ERR] loadFile: Exception: D:\Ultrasat\AstroPack.git\config\BitMask.Image.Default.yml
2021-04-26 13:19:24.661 > [INF] Adding property: Header.Comments.Default
2021-04-26 13:19:24.664 > [INF] loadYaml: Loading file: D:\Ultrasat\AstroPack.git\config\Header.Comments.Default.yml
2021-04-26 13:19:24.823 > [INF] Adding property: Header.KeyNames.Default
2021-04-26 13:19:24.826 > [INF] loadYaml: Loading file: D:\Ultrasat\AstroPack.git\config\Header.KeyNames.Default.yml
2021-04-26 13:19:24.989 > [INF] Adding property: Header.Synonyms.KeyNames
2021-04-26 13:19:24.992 > [INF] loadYaml: Loading file: D:\Ultrasat\AstroPack.git\config\Header.Synonyms.KeyNames.yml
2021-04-26 13:19:25.025 > [INF] Adding property: Header.Synonyms.KeyVal.IMTYPE
2021-04-26 13:19:25.027 > [INF] loadYaml: Loading file: D:\Ultrasat\AstroPack.git\config\Header.Synonyms.KeyVal.IMTYPE.yml
2021-04-26 13:19:25.055 > [INF] Adding property: Header.Time.KeyNames
2021-04-26 13:19:25.057 > [INF] loadYaml: Loading file: D:\Ultrasat\AstroPack.git\config\Header.Time.KeyNames.yml
2021-04-26 13:19:25.071 > [ERR] loadYaml: Exception loading file: D:\Ultrasat\AstroPack.git\config\Header.Time.KeyNames.yml
2021-04-26 13:19:25.074 > [ERR] loadFile: Exception: D:\Ultrasat\AstroPack.git\config\Header.Time.KeyNames.yml
2021-04-26 13:19:25.076 > [INF] Adding property: System
2021-04-26 13:19:25.078 > [INF] loadYaml: Loading file: D:\Ultrasat\AstroPack.git\config\System.yml
2021-04-26 13:19:25.117 > [INF] Adding property: UnitTest
2021-04-26 13:19:25.119 > [INF] loadYaml: Loading file: D:\Ultrasat\AstroPack.git\config\UnitTest.yml
2021-04-26 13:19:25.188 > [INF] Adding property: header
2021-04-26 13:19:25.191 > [INF] loadYaml: Loading file: D:\Ultrasat\AstroPack.git\config\header.yml
2021-04-26 13:19:25.202 > [ERR] loadYaml: Exception loading file: D:\Ultrasat\AstroPack.git\config\header.yml
2021-04-26 13:19:25.204 > [ERR] loadFile: Exception: D:\Ultrasat\AstroPack.git\config\header.yml
2021-04-26 13:19:25.207 > [INF] Adding property: pipeline
2021-04-26 13:19:25.209 > [INF] loadYaml: Loading file: D:\Ultrasat\AstroPack.git\config\pipeline.yml
2021-04-26 13:19:27.489 > [INF] loadFolder: D:\Ultrasat\AstroPack.git\matlab\base\..\..\config
2021-04-26 13:19:32.607 > [INF] ComponentMap.add: 2ac0a642-2a56-4b91-be68-834e57ee424b
2021-04-26 13:19:33.626 > [DBG] ComponentMap.remove: 2ac0a642-2a56-4b91-be68-834e57ee424b
2021-04-26 13:19:34.614 > [TST] ComponentMap test passed
2021-04-26 13:19:35.124 > [DBG] ComponentMap deleted: (unnamed)
2021-04-26 13:19:35.859 > [TST] Configuration test started
2021-04-26 13:19:37.048 > [TST] Testing low level functions
2021-04-26 13:19:37.234 > [INF] loadYaml: Loading file: D:\Ultrasat\AstroPack.git\matlab\base\..\..\config\UnitTest.yml
2021-04-26 13:19:38.266 > [TST] Key1: Value1
2021-04-26 13:19:38.567 > [TST] Key2: Value2a
2021-04-26 13:19:39.129 > [TST] Key: Value-3
2021-04-26 13:19:39.301 > [TST] Key: ValueMinus
2021-04-26 13:19:39.493 > [INF] loadYaml: Loading file: D:\Ultrasat\AstroPack.git\matlab\base\..\..\config\UnitTest.yml
2021-04-26 13:19:39.896 > [TST] Key1: Value1
2021-04-26 13:19:39.982 > [TST] Testing Configuration object
2021-04-26 13:19:40.111 > [INF] Adding property: UnitTest
2021-04-26 13:19:40.142 > [INF] loadYaml: Loading file: D:\Ultrasat\AstroPack.git\matlab\base\..\..\config\UnitTest.yml
2021-04-26 13:19:40.496 > [TST] FileName: D:\Ultrasat\AstroPack.git\matlab\base\..\..\config\UnitTest.yml
2021-04-26 13:19:40.864 > [TST] Key1: Value1
2021-04-26 13:19:41.034 > [TST] Key2: Value2a
2021-04-26 13:19:41.214 > [TST] Key: Value-3
2021-04-26 13:19:41.359 > [TST] Key: ValueMinus
2021-04-26 13:19:41.537 > [TST] Testing folder
2021-04-26 13:19:41.700 > [INF] loadFolder: D:\Ultrasat\AstroPack.git\matlab\base\..\..\config
2021-04-26 13:19:41.747 > [INF] Adding property: A.b
2021-04-26 13:19:41.750 > [INF] loadYaml: Loading file: D:\Ultrasat\AstroPack.git\config\A.b.yml
2021-04-26 13:19:41.991 > [INF] Adding property: BitMask.Image.Default
2021-04-26 13:19:41.994 > [INF] loadYaml: Loading file: D:\Ultrasat\AstroPack.git\config\BitMask.Image.Default.yml
2021-04-26 13:19:42.012 > [ERR] loadYaml: Exception loading file: D:\Ultrasat\AstroPack.git\config\BitMask.Image.Default.yml
2021-04-26 13:19:42.017 > [ERR] loadFile: Exception: D:\Ultrasat\AstroPack.git\config\BitMask.Image.Default.yml
2021-04-26 13:19:42.021 > [INF] Adding property: Header.Comments.Default
2021-04-26 13:19:42.023 > [INF] loadYaml: Loading file: D:\Ultrasat\AstroPack.git\config\Header.Comments.Default.yml
2021-04-26 13:19:42.235 > [INF] Adding property: Header.KeyNames.Default
2021-04-26 13:19:42.238 > [INF] loadYaml: Loading file: D:\Ultrasat\AstroPack.git\config\Header.KeyNames.Default.yml
2021-04-26 13:19:42.428 > [INF] Adding property: Header.Synonyms.KeyNames
2021-04-26 13:19:42.430 > [INF] loadYaml: Loading file: D:\Ultrasat\AstroPack.git\config\Header.Synonyms.KeyNames.yml
2021-04-26 13:19:42.460 > [INF] Adding property: Header.Synonyms.KeyVal.IMTYPE
2021-04-26 13:19:42.463 > [INF] loadYaml: Loading file: D:\Ultrasat\AstroPack.git\config\Header.Synonyms.KeyVal.IMTYPE.yml
2021-04-26 13:19:42.489 > [INF] Adding property: Header.Time.KeyNames
2021-04-26 13:19:42.491 > [INF] loadYaml: Loading file: D:\Ultrasat\AstroPack.git\config\Header.Time.KeyNames.yml
2021-04-26 13:19:42.501 > [ERR] loadYaml: Exception loading file: D:\Ultrasat\AstroPack.git\config\Header.Time.KeyNames.yml
2021-04-26 13:19:42.504 > [ERR] loadFile: Exception: D:\Ultrasat\AstroPack.git\config\Header.Time.KeyNames.yml
2021-04-26 13:19:42.507 > [INF] Adding property: System
2021-04-26 13:19:42.509 > [INF] loadYaml: Loading file: D:\Ultrasat\AstroPack.git\config\System.yml
2021-04-26 13:19:42.548 > [INF] Adding property: UnitTest
2021-04-26 13:19:42.550 > [INF] loadYaml: Loading file: D:\Ultrasat\AstroPack.git\config\UnitTest.yml
2021-04-26 13:19:42.615 > [INF] Adding property: header
2021-04-26 13:19:42.617 > [INF] loadYaml: Loading file: D:\Ultrasat\AstroPack.git\config\header.yml
2021-04-26 13:19:42.627 > [ERR] loadYaml: Exception loading file: D:\Ultrasat\AstroPack.git\config\header.yml
2021-04-26 13:19:42.631 > [ERR] loadFile: Exception: D:\Ultrasat\AstroPack.git\config\header.yml
2021-04-26 13:19:42.634 > [INF] Adding property: pipeline
2021-04-26 13:19:42.637 > [INF] loadYaml: Loading file: D:\Ultrasat\AstroPack.git\config\pipeline.yml
2021-04-26 13:19:42.732 > [TST] Testing utility functions
2021-04-26 13:19:42.795 > [TST] unmacro: c:/pipeline/abc
2021-04-26 13:19:42.865 > [TST] expandFolder: $ROOT/abc
2021-04-26 13:19:43.036 > [TST] Configuration test passed
2021-04-26 13:20:02.278 > =========================================== Started
2021-04-26 13:20:02.292 > [TST] Started

2021-04-26 13:20:02.303 > LogFile test started
2021-04-26 13:20:02.312 > Line: 1
2021-04-26 13:20:02.337 > Line: 2
2021-04-26 13:20:02.348 > Line: 3
2021-04-26 13:20:02.352 > LogFile test passed
2021-04-26 13:20:03.438 > [TST] Test: 5
2021-04-26 13:20:03.469 > [DBG] Test: 4
2021-04-26 13:20:03.476 > [INF] Test: 3
2021-04-26 13:20:03.480 > [WRN] Test: 2
2021-04-26 13:20:03.483 > [ERR] Test: 1
2021-04-26 13:20:03.489 > [TST] MyStackTrace: 123
2021-04-26 13:20:03.494 > [TST] StackTrace:
2021-04-26 13:20:03.498 > [TST] File: MsgLogger.m, Line: #149, Caller: MsgLogger.unitTest, varargin: MyStackTrace: 123
2021-04-26 13:20:03.501 > [TST] File: UnitTester.m, Line: #166, Caller: UnitTester.testBase, varargin: MyStackTrace: 123
2021-04-26 13:20:03.503 > [TST] File: UnitTester.m, Line: #201, Caller: UnitTester.doUnitTest, varargin: MyStackTrace: 123
2021-04-26 13:20:03.507 > [TST] File: UnitTester.m, Line: #189, Caller: UnitTester.run, varargin: MyStackTrace: 123
2021-04-26 13:20:03.511 > [TST] 
2021-04-26 13:20:03.517 > [TST] Recursion(5)
2021-04-26 13:20:03.520 > [TST] StackTrace:
2021-04-26 13:20:03.524 > [TST] File: MsgLogger.m, Line: #132, Caller: MsgLogger.unitTestStackTrace, varargin: Recursion(5)
2021-04-26 13:20:03.528 > [TST] File: MsgLogger.m, Line: #150, Caller: MsgLogger.unitTest, varargin: Recursion(5)
2021-04-26 13:20:03.531 > [TST] File: UnitTester.m, Line: #166, Caller: UnitTester.testBase, varargin: Recursion(5)
2021-04-26 13:20:03.535 > [TST] File: UnitTester.m, Line: #201, Caller: UnitTester.doUnitTest, varargin: Recursion(5)
2021-04-26 13:20:03.539 > [TST] File: UnitTester.m, Line: #189, Caller: UnitTester.run, varargin: Recursion(5)
2021-04-26 13:20:03.545 > [TST] 
2021-04-26 13:20:03.549 > [TST] Recursion(4)
2021-04-26 13:20:03.551 > [TST] StackTrace:
2021-04-26 13:20:03.553 > [TST] File: MsgLogger.m, Line: #132, Caller: MsgLogger.unitTestStackTrace, varargin: Recursion(4)
2021-04-26 13:20:03.556 > [TST] File: MsgLogger.m, Line: #133, Caller: MsgLogger.unitTestStackTrace, varargin: Recursion(4)
2021-04-26 13:20:03.558 > [TST] File: MsgLogger.m, Line: #150, Caller: MsgLogger.unitTest, varargin: Recursion(4)
2021-04-26 13:20:03.560 > [TST] File: UnitTester.m, Line: #166, Caller: UnitTester.testBase, varargin: Recursion(4)
2021-04-26 13:20:03.562 > [TST] File: UnitTester.m, Line: #201, Caller: UnitTester.doUnitTest, varargin: Recursion(4)
2021-04-26 13:20:03.565 > [TST] File: UnitTester.m, Line: #189, Caller: UnitTester.run, varargin: Recursion(4)
2021-04-26 13:20:03.567 > [TST] 
2021-04-26 13:20:03.569 > [TST] Recursion(3)
2021-04-26 13:20:03.572 > [TST] StackTrace:
2021-04-26 13:20:03.573 > [TST] File: MsgLogger.m, Line: #132, Caller: MsgLogger.unitTestStackTrace, varargin: Recursion(3)
2021-04-26 13:20:03.575 > [TST] File: MsgLogger.m, Line: #133, Caller: MsgLogger.unitTestStackTrace, varargin: Recursion(3)
2021-04-26 13:20:03.577 > [TST] File: MsgLogger.m, Line: #133, Caller: MsgLogger.unitTestStackTrace, varargin: Recursion(3)
2021-04-26 13:20:03.578 > [TST] File: MsgLogger.m, Line: #150, Caller: MsgLogger.unitTest, varargin: Recursion(3)
2021-04-26 13:20:03.580 > [TST] File: UnitTester.m, Line: #166, Caller: UnitTester.testBase, varargin: Recursion(3)
2021-04-26 13:20:03.582 > [TST] File: UnitTester.m, Line: #201, Caller: UnitTester.doUnitTest, varargin: Recursion(3)
2021-04-26 13:20:03.584 > [TST] File: UnitTester.m, Line: #189, Caller: UnitTester.run, varargin: Recursion(3)
2021-04-26 13:20:03.586 > [TST] 
2021-04-26 13:20:03.590 > [TST] Recursion(2)
2021-04-26 13:20:03.592 > [TST] StackTrace:
2021-04-26 13:20:03.595 > [TST] File: MsgLogger.m, Line: #132, Caller: MsgLogger.unitTestStackTrace, varargin: Recursion(2)
2021-04-26 13:20:03.597 > [TST] File: MsgLogger.m, Line: #133, Caller: MsgLogger.unitTestStackTrace, varargin: Recursion(2)
2021-04-26 13:20:03.599 > [TST] File: MsgLogger.m, Line: #133, Caller: MsgLogger.unitTestStackTrace, varargin: Recursion(2)
2021-04-26 13:20:03.600 > [TST] File: MsgLogger.m, Line: #133, Caller: MsgLogger.unitTestStackTrace, varargin: Recursion(2)
2021-04-26 13:20:03.602 > [TST] File: MsgLogger.m, Line: #150, Caller: MsgLogger.unitTest, varargin: Recursion(2)
2021-04-26 13:20:03.603 > [TST] File: UnitTester.m, Line: #166, Caller: UnitTester.testBase, varargin: Recursion(2)
2021-04-26 13:20:03.605 > [TST] File: UnitTester.m, Line: #201, Caller: UnitTester.doUnitTest, varargin: Recursion(2)
2021-04-26 13:20:03.607 > [TST] File: UnitTester.m, Line: #189, Caller: UnitTester.run, varargin: Recursion(2)
2021-04-26 13:20:03.608 > [TST] 
2021-04-26 13:20:03.612 > [TST] Recursion(1)
2021-04-26 13:20:03.613 > [TST] StackTrace:
2021-04-26 13:20:03.615 > [TST] File: MsgLogger.m, Line: #132, Caller: MsgLogger.unitTestStackTrace, varargin: Recursion(1)
2021-04-26 13:20:03.617 > [TST] File: MsgLogger.m, Line: #133, Caller: MsgLogger.unitTestStackTrace, varargin: Recursion(1)
2021-04-26 13:20:03.618 > [TST] File: MsgLogger.m, Line: #133, Caller: MsgLogger.unitTestStackTrace, varargin: Recursion(1)
2021-04-26 13:20:03.619 > [TST] File: MsgLogger.m, Line: #133, Caller: MsgLogger.unitTestStackTrace, varargin: Recursion(1)
2021-04-26 13:20:03.621 > [TST] File: MsgLogger.m, Line: #133, Caller: MsgLogger.unitTestStackTrace, varargin: Recursion(1)
2021-04-26 13:20:03.624 > [TST] File: MsgLogger.m, Line: #150, Caller: MsgLogger.unitTest, varargin: Recursion(1)
2021-04-26 13:20:03.625 > [TST] File: UnitTester.m, Line: #166, Caller: UnitTester.testBase, varargin: Recursion(1)
2021-04-26 13:20:03.627 > [TST] File: UnitTester.m, Line: #201, Caller: UnitTester.doUnitTest, varargin: Recursion(1)
2021-04-26 13:20:03.628 > [TST] File: UnitTester.m, Line: #189, Caller: UnitTester.run, varargin: Recursion(1)
2021-04-26 13:20:03.630 > [TST] 
2021-04-26 13:20:05.458 > [TST] Base test started
2021-04-26 13:20:05.495 > [TST] Base test passed
2021-04-26 13:20:06.798 > [TST] ComponentMap test started
2021-04-26 13:20:06.829 > [DBG] ComponentMap created: (unnamed)
2021-04-26 13:20:06.931 > [INF] loadFolder: D:\Ultrasat\AstroPack.git\matlab\base\..\..\config
2021-04-26 13:20:06.943 > [INF] Adding property: A.b
2021-04-26 13:20:06.946 > [INF] loadYaml: Loading file: D:\Ultrasat\AstroPack.git\config\A.b.yml
2021-04-26 13:20:07.224 > [INF] Adding property: BitMask.Image.Default
2021-04-26 13:20:07.233 > [INF] loadYaml: Loading file: D:\Ultrasat\AstroPack.git\config\BitMask.Image.Default.yml
2021-04-26 13:20:07.264 > [ERR] loadYaml: Exception loading file: D:\Ultrasat\AstroPack.git\config\BitMask.Image.Default.yml
2021-04-26 13:20:07.267 > [ERR] loadFile: Exception: D:\Ultrasat\AstroPack.git\config\BitMask.Image.Default.yml
2021-04-26 13:20:07.272 > [INF] Adding property: Header.Comments.Default
2021-04-26 13:20:07.274 > [INF] loadYaml: Loading file: D:\Ultrasat\AstroPack.git\config\Header.Comments.Default.yml
2021-04-26 13:20:07.453 > [INF] Adding property: Header.KeyNames.Default
2021-04-26 13:20:07.456 > [INF] loadYaml: Loading file: D:\Ultrasat\AstroPack.git\config\Header.KeyNames.Default.yml
2021-04-26 13:20:07.637 > [INF] Adding property: Header.Synonyms.KeyNames
2021-04-26 13:20:07.640 > [INF] loadYaml: Loading file: D:\Ultrasat\AstroPack.git\config\Header.Synonyms.KeyNames.yml
2021-04-26 13:20:07.718 > [INF] Adding property: Header.Synonyms.KeyVal.IMTYPE
2021-04-26 13:20:07.721 > [INF] loadYaml: Loading file: D:\Ultrasat\AstroPack.git\config\Header.Synonyms.KeyVal.IMTYPE.yml
2021-04-26 13:20:07.753 > [INF] Adding property: Header.Time.KeyNames
2021-04-26 13:20:07.755 > [INF] loadYaml: Loading file: D:\Ultrasat\AstroPack.git\config\Header.Time.KeyNames.yml
2021-04-26 13:20:07.769 > [ERR] loadYaml: Exception loading file: D:\Ultrasat\AstroPack.git\config\Header.Time.KeyNames.yml
2021-04-26 13:20:07.774 > [ERR] loadFile: Exception: D:\Ultrasat\AstroPack.git\config\Header.Time.KeyNames.yml
2021-04-26 13:20:07.777 > [INF] Adding property: System
2021-04-26 13:20:07.778 > [INF] loadYaml: Loading file: D:\Ultrasat\AstroPack.git\config\System.yml
2021-04-26 13:20:07.827 > [INF] Adding property: UnitTest
2021-04-26 13:20:07.829 > [INF] loadYaml: Loading file: D:\Ultrasat\AstroPack.git\config\UnitTest.yml
2021-04-26 13:20:07.905 > [INF] Adding property: header
2021-04-26 13:20:07.907 > [INF] loadYaml: Loading file: D:\Ultrasat\AstroPack.git\config\header.yml
2021-04-26 13:20:07.917 > [ERR] loadYaml: Exception loading file: D:\Ultrasat\AstroPack.git\config\header.yml
2021-04-26 13:20:07.920 > [ERR] loadFile: Exception: D:\Ultrasat\AstroPack.git\config\header.yml
2021-04-26 13:20:07.922 > [INF] Adding property: pipeline
2021-04-26 13:20:07.924 > [INF] loadYaml: Loading file: D:\Ultrasat\AstroPack.git\config\pipeline.yml
2021-04-26 13:20:07.968 > [INF] loadFolder: D:\Ultrasat\AstroPack.git\matlab\base\..\..\config
2021-04-26 13:20:07.977 > [INF] ComponentMap.add: c1bcf7a4-b164-47df-b839-ac6b5e56f221
2021-04-26 13:20:07.984 > [DBG] ComponentMap.remove: c1bcf7a4-b164-47df-b839-ac6b5e56f221
2021-04-26 13:20:07.989 > [TST] ComponentMap test passed
2021-04-26 13:20:07.992 > [DBG] ComponentMap deleted: (unnamed)
2021-04-26 13:21:17.126 > =========================================== Started
2021-04-26 13:21:17.134 > [TST] Started

2021-04-26 13:21:18.261 > LogFile test started
2021-04-26 13:21:18.272 > Line: 1
2021-04-26 13:21:18.297 > Line: 2
2021-04-26 13:21:18.306 > Line: 3
2021-04-26 13:21:18.309 > LogFile test passed
2021-04-26 13:21:18.786 > [TST] Test: 5
2021-04-26 13:21:18.824 > [DBG] Test: 4
2021-04-26 13:21:18.830 > [INF] Test: 3
2021-04-26 13:21:18.835 > [WRN] Test: 2
2021-04-26 13:21:18.838 > [ERR] Test: 1
2021-04-26 13:21:18.844 > [TST] MyStackTrace: 123
2021-04-26 13:21:18.848 > [TST] StackTrace:
2021-04-26 13:21:18.852 > [TST] File: MsgLogger.m, Line: #149, Caller: MsgLogger.unitTest, varargin: MyStackTrace: 123
2021-04-26 13:21:18.854 > [TST] File: UnitTester.m, Line: #168, Caller: UnitTester.testBase, varargin: MyStackTrace: 123
2021-04-26 13:21:18.856 > [TST] File: UnitTester.m, Line: #205, Caller: UnitTester.doUnitTest, varargin: MyStackTrace: 123
2021-04-26 13:21:18.859 > [TST] File: UnitTester.m, Line: #193, Caller: UnitTester.run, varargin: MyStackTrace: 123
2021-04-26 13:21:18.863 > [TST] 
2021-04-26 13:21:18.868 > [TST] Recursion(5)
2021-04-26 13:21:18.870 > [TST] StackTrace:
2021-04-26 13:21:18.873 > [TST] File: MsgLogger.m, Line: #132, Caller: MsgLogger.unitTestStackTrace, varargin: Recursion(5)
2021-04-26 13:21:18.875 > [TST] File: MsgLogger.m, Line: #150, Caller: MsgLogger.unitTest, varargin: Recursion(5)
2021-04-26 13:21:18.877 > [TST] File: UnitTester.m, Line: #168, Caller: UnitTester.testBase, varargin: Recursion(5)
2021-04-26 13:21:18.878 > [TST] File: UnitTester.m, Line: #205, Caller: UnitTester.doUnitTest, varargin: Recursion(5)
2021-04-26 13:21:18.880 > [TST] File: UnitTester.m, Line: #193, Caller: UnitTester.run, varargin: Recursion(5)
2021-04-26 13:21:18.881 > [TST] 
2021-04-26 13:21:18.884 > [TST] Recursion(4)
2021-04-26 13:21:18.886 > [TST] StackTrace:
2021-04-26 13:21:18.888 > [TST] File: MsgLogger.m, Line: #132, Caller: MsgLogger.unitTestStackTrace, varargin: Recursion(4)
2021-04-26 13:21:18.889 > [TST] File: MsgLogger.m, Line: #133, Caller: MsgLogger.unitTestStackTrace, varargin: Recursion(4)
2021-04-26 13:21:18.891 > [TST] File: MsgLogger.m, Line: #150, Caller: MsgLogger.unitTest, varargin: Recursion(4)
2021-04-26 13:21:18.892 > [TST] File: UnitTester.m, Line: #168, Caller: UnitTester.testBase, varargin: Recursion(4)
2021-04-26 13:21:18.894 > [TST] File: UnitTester.m, Line: #205, Caller: UnitTester.doUnitTest, varargin: Recursion(4)
2021-04-26 13:21:18.895 > [TST] File: UnitTester.m, Line: #193, Caller: UnitTester.run, varargin: Recursion(4)
2021-04-26 13:21:18.897 > [TST] 
2021-04-26 13:21:18.899 > [TST] Recursion(3)
2021-04-26 13:21:18.901 > [TST] StackTrace:
2021-04-26 13:21:18.903 > [TST] File: MsgLogger.m, Line: #132, Caller: MsgLogger.unitTestStackTrace, varargin: Recursion(3)
2021-04-26 13:21:18.904 > [TST] File: MsgLogger.m, Line: #133, Caller: MsgLogger.unitTestStackTrace, varargin: Recursion(3)
2021-04-26 13:21:18.905 > [TST] File: MsgLogger.m, Line: #133, Caller: MsgLogger.unitTestStackTrace, varargin: Recursion(3)
2021-04-26 13:21:18.907 > [TST] File: MsgLogger.m, Line: #150, Caller: MsgLogger.unitTest, varargin: Recursion(3)
2021-04-26 13:21:18.908 > [TST] File: UnitTester.m, Line: #168, Caller: UnitTester.testBase, varargin: Recursion(3)
2021-04-26 13:21:18.910 > [TST] File: UnitTester.m, Line: #205, Caller: UnitTester.doUnitTest, varargin: Recursion(3)
2021-04-26 13:21:18.911 > [TST] File: UnitTester.m, Line: #193, Caller: UnitTester.run, varargin: Recursion(3)
2021-04-26 13:21:18.913 > [TST] 
2021-04-26 13:21:18.917 > [TST] Recursion(2)
2021-04-26 13:21:18.919 > [TST] StackTrace:
2021-04-26 13:21:18.921 > [TST] File: MsgLogger.m, Line: #132, Caller: MsgLogger.unitTestStackTrace, varargin: Recursion(2)
2021-04-26 13:21:18.923 > [TST] File: MsgLogger.m, Line: #133, Caller: MsgLogger.unitTestStackTrace, varargin: Recursion(2)
2021-04-26 13:21:18.925 > [TST] File: MsgLogger.m, Line: #133, Caller: MsgLogger.unitTestStackTrace, varargin: Recursion(2)
2021-04-26 13:21:18.927 > [TST] File: MsgLogger.m, Line: #133, Caller: MsgLogger.unitTestStackTrace, varargin: Recursion(2)
2021-04-26 13:21:18.929 > [TST] File: MsgLogger.m, Line: #150, Caller: MsgLogger.unitTest, varargin: Recursion(2)
2021-04-26 13:21:18.931 > [TST] File: UnitTester.m, Line: #168, Caller: UnitTester.testBase, varargin: Recursion(2)
2021-04-26 13:21:18.933 > [TST] File: UnitTester.m, Line: #205, Caller: UnitTester.doUnitTest, varargin: Recursion(2)
2021-04-26 13:21:18.935 > [TST] File: UnitTester.m, Line: #193, Caller: UnitTester.run, varargin: Recursion(2)
2021-04-26 13:21:18.937 > [TST] 
2021-04-26 13:21:18.942 > [TST] Recursion(1)
2021-04-26 13:21:18.944 > [TST] StackTrace:
2021-04-26 13:21:18.946 > [TST] File: MsgLogger.m, Line: #132, Caller: MsgLogger.unitTestStackTrace, varargin: Recursion(1)
2021-04-26 13:21:18.948 > [TST] File: MsgLogger.m, Line: #133, Caller: MsgLogger.unitTestStackTrace, varargin: Recursion(1)
2021-04-26 13:21:18.949 > [TST] File: MsgLogger.m, Line: #133, Caller: MsgLogger.unitTestStackTrace, varargin: Recursion(1)
2021-04-26 13:21:18.951 > [TST] File: MsgLogger.m, Line: #133, Caller: MsgLogger.unitTestStackTrace, varargin: Recursion(1)
2021-04-26 13:21:18.953 > [TST] File: MsgLogger.m, Line: #133, Caller: MsgLogger.unitTestStackTrace, varargin: Recursion(1)
2021-04-26 13:21:18.954 > [TST] File: MsgLogger.m, Line: #150, Caller: MsgLogger.unitTest, varargin: Recursion(1)
2021-04-26 13:21:18.956 > [TST] File: UnitTester.m, Line: #168, Caller: UnitTester.testBase, varargin: Recursion(1)
2021-04-26 13:21:18.957 > [TST] File: UnitTester.m, Line: #205, Caller: UnitTester.doUnitTest, varargin: Recursion(1)
2021-04-26 13:21:18.959 > [TST] File: UnitTester.m, Line: #193, Caller: UnitTester.run, varargin: Recursion(1)
2021-04-26 13:21:18.960 > [TST] 
2021-04-26 13:21:18.994 > [TST] Base test started
2021-04-26 13:21:19.031 > [TST] Base test passed
2021-04-26 13:21:20.073 > [TST] Configuration test started
2021-04-26 13:21:20.180 > [TST] Testing low level functions
2021-04-26 13:21:20.186 > [INF] loadYaml: Loading file: D:\Ultrasat\AstroPack.git\matlab\base\..\..\config\UnitTest.yml
2021-04-26 13:21:20.457 > [TST] Key1: Value1
2021-04-26 13:21:20.464 > [TST] Key2: Value2a
2021-04-26 13:21:20.467 > [TST] Key: Value-3
2021-04-26 13:21:20.469 > [TST] Key: ValueMinus
2021-04-26 13:21:20.472 > [INF] loadYaml: Loading file: D:\Ultrasat\AstroPack.git\matlab\base\..\..\config\UnitTest.yml
2021-04-26 13:21:20.577 > [TST] Key1: Value1
2021-04-26 13:21:20.580 > [TST] Testing Configuration object
2021-04-26 13:21:20.585 > [INF] Adding property: UnitTest
2021-04-26 13:21:20.587 > [INF] loadYaml: Loading file: D:\Ultrasat\AstroPack.git\matlab\base\..\..\config\UnitTest.yml
2021-04-26 13:21:20.669 > [TST] FileName: D:\Ultrasat\AstroPack.git\matlab\base\..\..\config\UnitTest.yml
2021-04-26 13:21:20.672 > [TST] Key1: Value1
2021-04-26 13:21:20.675 > [TST] Key2: Value2a
2021-04-26 13:21:20.677 > [TST] Key: Value-3
2021-04-26 13:21:20.679 > [TST] Key: ValueMinus
2021-04-26 13:21:20.681 > [TST] Testing folder
2021-04-26 13:21:20.684 > [INF] loadFolder: D:\Ultrasat\AstroPack.git\matlab\base\..\..\config
2021-04-26 13:21:20.697 > [INF] Adding property: A.b
2021-04-26 13:21:20.699 > [INF] loadYaml: Loading file: D:\Ultrasat\AstroPack.git\config\A.b.yml
2021-04-26 13:21:20.793 > [INF] Adding property: BitMask.Image.Default
2021-04-26 13:21:20.796 > [INF] loadYaml: Loading file: D:\Ultrasat\AstroPack.git\config\BitMask.Image.Default.yml
2021-04-26 13:21:20.841 > [ERR] loadYaml: Exception loading file: D:\Ultrasat\AstroPack.git\config\BitMask.Image.Default.yml
2021-04-26 13:21:20.844 > [ERR] loadFile: Exception: D:\Ultrasat\AstroPack.git\config\BitMask.Image.Default.yml
2021-04-26 13:21:20.851 > [INF] Adding property: Header.Comments.Default
2021-04-26 13:21:20.853 > [INF] loadYaml: Loading file: D:\Ultrasat\AstroPack.git\config\Header.Comments.Default.yml
2021-04-26 13:21:21.026 > [INF] Adding property: Header.KeyNames.Default
2021-04-26 13:21:21.028 > [INF] loadYaml: Loading file: D:\Ultrasat\AstroPack.git\config\Header.KeyNames.Default.yml
2021-04-26 13:21:21.195 > [INF] Adding property: Header.Synonyms.KeyNames
2021-04-26 13:21:21.198 > [INF] loadYaml: Loading file: D:\Ultrasat\AstroPack.git\config\Header.Synonyms.KeyNames.yml
2021-04-26 13:21:21.230 > [INF] Adding property: Header.Synonyms.KeyVal.IMTYPE
2021-04-26 13:21:21.232 > [INF] loadYaml: Loading file: D:\Ultrasat\AstroPack.git\config\Header.Synonyms.KeyVal.IMTYPE.yml
2021-04-26 13:21:21.259 > [INF] Adding property: Header.Time.KeyNames
2021-04-26 13:21:21.261 > [INF] loadYaml: Loading file: D:\Ultrasat\AstroPack.git\config\Header.Time.KeyNames.yml
2021-04-26 13:21:21.271 > [ERR] loadYaml: Exception loading file: D:\Ultrasat\AstroPack.git\config\Header.Time.KeyNames.yml
2021-04-26 13:21:21.274 > [ERR] loadFile: Exception: D:\Ultrasat\AstroPack.git\config\Header.Time.KeyNames.yml
2021-04-26 13:21:21.277 > [INF] Adding property: System
2021-04-26 13:21:21.279 > [INF] loadYaml: Loading file: D:\Ultrasat\AstroPack.git\config\System.yml
2021-04-26 13:21:21.318 > [INF] Adding property: UnitTest
2021-04-26 13:21:21.321 > [INF] loadYaml: Loading file: D:\Ultrasat\AstroPack.git\config\UnitTest.yml
2021-04-26 13:21:21.388 > [INF] Adding property: header
2021-04-26 13:21:21.390 > [INF] loadYaml: Loading file: D:\Ultrasat\AstroPack.git\config\header.yml
2021-04-26 13:21:21.400 > [ERR] loadYaml: Exception loading file: D:\Ultrasat\AstroPack.git\config\header.yml
2021-04-26 13:21:21.403 > [ERR] loadFile: Exception: D:\Ultrasat\AstroPack.git\config\header.yml
2021-04-26 13:21:21.405 > [INF] Adding property: pipeline
2021-04-26 13:21:21.407 > [INF] loadYaml: Loading file: D:\Ultrasat\AstroPack.git\config\pipeline.yml
2021-04-26 13:21:21.453 > [TST] Testing utility functions
2021-04-26 13:21:21.461 > [TST] unmacro: c:/pipeline/abc
2021-04-26 13:21:21.466 > [TST] expandFolder: $ROOT/abc
2021-04-26 13:21:21.468 > [TST] Configuration test passed
2021-04-26 13:21:34.777 > =========================================== Started
2021-04-26 13:21:34.785 > [TST] Started

2021-04-26 13:21:35.869 > LogFile test started
2021-04-26 13:21:35.877 > Line: 1
2021-04-26 13:21:35.902 > Line: 2
2021-04-26 13:21:35.912 > Line: 3
2021-04-26 13:21:35.915 > LogFile test passed
2021-04-26 13:21:36.009 > [TST] Test: 5
2021-04-26 13:21:36.044 > [DBG] Test: 4
2021-04-26 13:21:36.050 > [INF] Test: 3
2021-04-26 13:21:36.054 > [WRN] Test: 2
2021-04-26 13:21:36.057 > [ERR] Test: 1
2021-04-26 13:21:36.062 > [TST] MyStackTrace: 123
2021-04-26 13:21:36.067 > [TST] StackTrace:
2021-04-26 13:21:36.071 > [TST] File: MsgLogger.m, Line: #149, Caller: MsgLogger.unitTest, varargin: MyStackTrace: 123
2021-04-26 13:21:36.073 > [TST] File: UnitTester.m, Line: #168, Caller: UnitTester.testBase, varargin: MyStackTrace: 123
2021-04-26 13:21:36.076 > [TST] File: UnitTester.m, Line: #207, Caller: UnitTester.doUnitTest, varargin: MyStackTrace: 123
2021-04-26 13:21:36.079 > [TST] File: UnitTester.m, Line: #195, Caller: UnitTester.run, varargin: MyStackTrace: 123
2021-04-26 13:21:36.085 > [TST] 
2021-04-26 13:21:36.091 > [TST] Recursion(5)
2021-04-26 13:21:36.093 > [TST] StackTrace:
2021-04-26 13:21:36.095 > [TST] File: MsgLogger.m, Line: #132, Caller: MsgLogger.unitTestStackTrace, varargin: Recursion(5)
2021-04-26 13:21:36.098 > [TST] File: MsgLogger.m, Line: #150, Caller: MsgLogger.unitTest, varargin: Recursion(5)
2021-04-26 13:21:36.100 > [TST] File: UnitTester.m, Line: #168, Caller: UnitTester.testBase, varargin: Recursion(5)
2021-04-26 13:21:36.102 > [TST] File: UnitTester.m, Line: #207, Caller: UnitTester.doUnitTest, varargin: Recursion(5)
2021-04-26 13:21:36.103 > [TST] File: UnitTester.m, Line: #195, Caller: UnitTester.run, varargin: Recursion(5)
2021-04-26 13:21:36.105 > [TST] 
2021-04-26 13:21:36.108 > [TST] Recursion(4)
2021-04-26 13:21:36.110 > [TST] StackTrace:
2021-04-26 13:21:36.112 > [TST] File: MsgLogger.m, Line: #132, Caller: MsgLogger.unitTestStackTrace, varargin: Recursion(4)
2021-04-26 13:21:36.113 > [TST] File: MsgLogger.m, Line: #133, Caller: MsgLogger.unitTestStackTrace, varargin: Recursion(4)
2021-04-26 13:21:36.114 > [TST] File: MsgLogger.m, Line: #150, Caller: MsgLogger.unitTest, varargin: Recursion(4)
2021-04-26 13:21:36.116 > [TST] File: UnitTester.m, Line: #168, Caller: UnitTester.testBase, varargin: Recursion(4)
2021-04-26 13:21:36.118 > [TST] File: UnitTester.m, Line: #207, Caller: UnitTester.doUnitTest, varargin: Recursion(4)
2021-04-26 13:21:36.119 > [TST] File: UnitTester.m, Line: #195, Caller: UnitTester.run, varargin: Recursion(4)
2021-04-26 13:21:36.121 > [TST] 
2021-04-26 13:21:36.123 > [TST] Recursion(3)
2021-04-26 13:21:36.125 > [TST] StackTrace:
2021-04-26 13:21:36.126 > [TST] File: MsgLogger.m, Line: #132, Caller: MsgLogger.unitTestStackTrace, varargin: Recursion(3)
2021-04-26 13:21:36.128 > [TST] File: MsgLogger.m, Line: #133, Caller: MsgLogger.unitTestStackTrace, varargin: Recursion(3)
2021-04-26 13:21:36.129 > [TST] File: MsgLogger.m, Line: #133, Caller: MsgLogger.unitTestStackTrace, varargin: Recursion(3)
2021-04-26 13:21:36.130 > [TST] File: MsgLogger.m, Line: #150, Caller: MsgLogger.unitTest, varargin: Recursion(3)
2021-04-26 13:21:36.132 > [TST] File: UnitTester.m, Line: #168, Caller: UnitTester.testBase, varargin: Recursion(3)
2021-04-26 13:21:36.133 > [TST] File: UnitTester.m, Line: #207, Caller: UnitTester.doUnitTest, varargin: Recursion(3)
2021-04-26 13:21:36.135 > [TST] File: UnitTester.m, Line: #195, Caller: UnitTester.run, varargin: Recursion(3)
2021-04-26 13:21:36.137 > [TST] 
2021-04-26 13:21:36.140 > [TST] Recursion(2)
2021-04-26 13:21:36.142 > [TST] StackTrace:
2021-04-26 13:21:36.144 > [TST] File: MsgLogger.m, Line: #132, Caller: MsgLogger.unitTestStackTrace, varargin: Recursion(2)
2021-04-26 13:21:36.146 > [TST] File: MsgLogger.m, Line: #133, Caller: MsgLogger.unitTestStackTrace, varargin: Recursion(2)
2021-04-26 13:21:36.147 > [TST] File: MsgLogger.m, Line: #133, Caller: MsgLogger.unitTestStackTrace, varargin: Recursion(2)
2021-04-26 13:21:36.149 > [TST] File: MsgLogger.m, Line: #133, Caller: MsgLogger.unitTestStackTrace, varargin: Recursion(2)
2021-04-26 13:21:36.151 > [TST] File: MsgLogger.m, Line: #150, Caller: MsgLogger.unitTest, varargin: Recursion(2)
2021-04-26 13:21:36.152 > [TST] File: UnitTester.m, Line: #168, Caller: UnitTester.testBase, varargin: Recursion(2)
2021-04-26 13:21:36.154 > [TST] File: UnitTester.m, Line: #207, Caller: UnitTester.doUnitTest, varargin: Recursion(2)
2021-04-26 13:21:36.155 > [TST] File: UnitTester.m, Line: #195, Caller: UnitTester.run, varargin: Recursion(2)
2021-04-26 13:21:36.158 > [TST] 
2021-04-26 13:21:36.162 > [TST] Recursion(1)
2021-04-26 13:21:36.164 > [TST] StackTrace:
2021-04-26 13:21:36.165 > [TST] File: MsgLogger.m, Line: #132, Caller: MsgLogger.unitTestStackTrace, varargin: Recursion(1)
2021-04-26 13:21:36.167 > [TST] File: MsgLogger.m, Line: #133, Caller: MsgLogger.unitTestStackTrace, varargin: Recursion(1)
2021-04-26 13:21:36.169 > [TST] File: MsgLogger.m, Line: #133, Caller: MsgLogger.unitTestStackTrace, varargin: Recursion(1)
2021-04-26 13:21:36.170 > [TST] File: MsgLogger.m, Line: #133, Caller: MsgLogger.unitTestStackTrace, varargin: Recursion(1)
2021-04-26 13:21:36.172 > [TST] File: MsgLogger.m, Line: #133, Caller: MsgLogger.unitTestStackTrace, varargin: Recursion(1)
2021-04-26 13:21:36.174 > [TST] File: MsgLogger.m, Line: #150, Caller: MsgLogger.unitTest, varargin: Recursion(1)
2021-04-26 13:21:36.175 > [TST] File: UnitTester.m, Line: #168, Caller: UnitTester.testBase, varargin: Recursion(1)
2021-04-26 13:21:36.177 > [TST] File: UnitTester.m, Line: #207, Caller: UnitTester.doUnitTest, varargin: Recursion(1)
2021-04-26 13:21:36.178 > [TST] File: UnitTester.m, Line: #195, Caller: UnitTester.run, varargin: Recursion(1)
2021-04-26 13:21:36.180 > [TST] 
2021-04-26 13:21:36.211 > [TST] Base test started
2021-04-26 13:21:36.249 > [TST] Base test passed
2021-04-26 13:21:36.364 > [TST] Configuration test started
2021-04-26 13:21:36.473 > [TST] Testing low level functions
2021-04-26 13:21:36.481 > [INF] loadYaml: Loading file: D:\Ultrasat\AstroPack.git\matlab\base\..\..\config\UnitTest.yml
2021-04-26 13:21:36.782 > [TST] Key1: Value1
2021-04-26 13:21:36.790 > [TST] Key2: Value2a
2021-04-26 13:21:36.793 > [TST] Key: Value-3
2021-04-26 13:21:36.796 > [TST] Key: ValueMinus
2021-04-26 13:21:36.800 > [INF] loadYaml: Loading file: D:\Ultrasat\AstroPack.git\matlab\base\..\..\config\UnitTest.yml
2021-04-26 13:21:36.986 > [TST] Key1: Value1
2021-04-26 13:21:36.988 > [TST] Testing Configuration object
2021-04-26 13:21:36.994 > [INF] Adding property: UnitTest
2021-04-26 13:21:36.997 > [INF] loadYaml: Loading file: D:\Ultrasat\AstroPack.git\matlab\base\..\..\config\UnitTest.yml
2021-04-26 13:21:37.087 > [TST] FileName: D:\Ultrasat\AstroPack.git\matlab\base\..\..\config\UnitTest.yml
2021-04-26 13:21:37.090 > [TST] Key1: Value1
2021-04-26 13:21:37.091 > [TST] Key2: Value2a
2021-04-26 13:21:37.093 > [TST] Key: Value-3
2021-04-26 13:21:37.095 > [TST] Key: ValueMinus
2021-04-26 13:21:37.097 > [TST] Testing folder
2021-04-26 13:21:37.099 > [INF] loadFolder: D:\Ultrasat\AstroPack.git\matlab\base\..\..\config
2021-04-26 13:21:37.112 > [INF] Adding property: A.b
2021-04-26 13:21:37.115 > [INF] loadYaml: Loading file: D:\Ultrasat\AstroPack.git\config\A.b.yml
2021-04-26 13:21:37.188 > [INF] Adding property: BitMask.Image.Default
2021-04-26 13:21:37.191 > [INF] loadYaml: Loading file: D:\Ultrasat\AstroPack.git\config\BitMask.Image.Default.yml
2021-04-26 13:21:37.227 > [ERR] loadYaml: Exception loading file: D:\Ultrasat\AstroPack.git\config\BitMask.Image.Default.yml
2021-04-26 13:21:37.231 > [ERR] loadFile: Exception: D:\Ultrasat\AstroPack.git\config\BitMask.Image.Default.yml
2021-04-26 13:21:37.238 > [INF] Adding property: Header.Comments.Default
2021-04-26 13:21:37.240 > [INF] loadYaml: Loading file: D:\Ultrasat\AstroPack.git\config\Header.Comments.Default.yml
2021-04-26 13:21:37.407 > [INF] Adding property: Header.KeyNames.Default
2021-04-26 13:21:37.409 > [INF] loadYaml: Loading file: D:\Ultrasat\AstroPack.git\config\Header.KeyNames.Default.yml
2021-04-26 13:21:37.569 > [INF] Adding property: Header.Synonyms.KeyNames
2021-04-26 13:21:37.572 > [INF] loadYaml: Loading file: D:\Ultrasat\AstroPack.git\config\Header.Synonyms.KeyNames.yml
2021-04-26 13:21:37.604 > [INF] Adding property: Header.Synonyms.KeyVal.IMTYPE
2021-04-26 13:21:37.606 > [INF] loadYaml: Loading file: D:\Ultrasat\AstroPack.git\config\Header.Synonyms.KeyVal.IMTYPE.yml
2021-04-26 13:21:37.632 > [INF] Adding property: Header.Time.KeyNames
2021-04-26 13:21:37.634 > [INF] loadYaml: Loading file: D:\Ultrasat\AstroPack.git\config\Header.Time.KeyNames.yml
2021-04-26 13:21:37.645 > [ERR] loadYaml: Exception loading file: D:\Ultrasat\AstroPack.git\config\Header.Time.KeyNames.yml
2021-04-26 13:21:37.648 > [ERR] loadFile: Exception: D:\Ultrasat\AstroPack.git\config\Header.Time.KeyNames.yml
2021-04-26 13:21:37.651 > [INF] Adding property: System
2021-04-26 13:21:37.653 > [INF] loadYaml: Loading file: D:\Ultrasat\AstroPack.git\config\System.yml
2021-04-26 13:21:37.690 > [INF] Adding property: UnitTest
2021-04-26 13:21:37.693 > [INF] loadYaml: Loading file: D:\Ultrasat\AstroPack.git\config\UnitTest.yml
2021-04-26 13:21:37.759 > [INF] Adding property: header
2021-04-26 13:21:37.761 > [INF] loadYaml: Loading file: D:\Ultrasat\AstroPack.git\config\header.yml
2021-04-26 13:21:37.772 > [ERR] loadYaml: Exception loading file: D:\Ultrasat\AstroPack.git\config\header.yml
2021-04-26 13:21:37.774 > [ERR] loadFile: Exception: D:\Ultrasat\AstroPack.git\config\header.yml
2021-04-26 13:21:37.776 > [INF] Adding property: pipeline
2021-04-26 13:21:37.778 > [INF] loadYaml: Loading file: D:\Ultrasat\AstroPack.git\config\pipeline.yml
2021-04-26 13:21:37.822 > [TST] Testing utility functions
2021-04-26 13:21:37.830 > [TST] unmacro: c:/pipeline/abc
2021-04-26 13:21:37.834 > [TST] expandFolder: $ROOT/abc
2021-04-26 13:21:37.836 > [TST] Configuration test passed
2021-04-26 13:21:38.481 > [TST] ComponentMap test started
2021-04-26 13:21:38.514 > [DBG] ComponentMap created: (unnamed)
2021-04-26 13:21:38.534 > [INF] ComponentMap.add: daf5f339-80ad-4819-83bd-4bc7b84159e9
2021-04-26 13:21:38.541 > [DBG] ComponentMap.remove: daf5f339-80ad-4819-83bd-4bc7b84159e9
2021-04-26 13:21:38.545 > [TST] ComponentMap test passed
2021-04-26 13:21:38.547 > [DBG] ComponentMap deleted: (unnamed)
2021-04-26 13:21:39.631 > [TST] Component test started
2021-04-26 13:21:39.662 > [TST] a created
2021-04-26 13:21:39.665 > [TST] b created
2021-04-26 13:21:39.670 > [TST] c created
2021-04-26 13:21:39.672 > [TST] Testing Uuid
2021-04-26 13:21:39.679 > [TST] Testing MapKey
2021-04-26 13:21:39.683 > [TST] Component test passed
2021-04-26 13:21:40.212 > [TST] DbDriver test started

2021-04-26 13:21:40.251 > [DBG] DbDriver created: e2e03d57-0590-479f-87c5-f81aae97a8f5
2021-04-26 13:21:40.259 > [INF] DbDriver: open
2021-04-26 13:21:40.286 > [INF] DbDriver: Copy file D:\Ultrasat\AstroPack.git\matlab\util\+io\+db\postgresql-42.2.19.jar to C:\Temp\postgresql-42.2.19.jar
2021-04-26 13:21:40.358 > [INF] DbDriver: driver OK
2021-04-26 13:21:40.459 > [DBG] ComponentMap created: DbDriver
2021-04-26 13:21:40.489 > [DBG] DbDriver created: 98abf038-4df2-409b-853c-ae1b89574d85
2021-04-26 13:21:40.493 > [INF] ComponentMap.add: postgres
2021-04-26 13:21:40.497 > [INF] DbDriver: open
2021-04-26 13:21:40.538 > [INF] DbDriver: Copy file D:\Ultrasat\AstroPack.git\matlab\util\+io\+db\postgresql-42.2.19.jar to C:\Temp\postgresql-42.2.19.jar
2021-04-26 13:21:40.620 > [INF] DbDriver: driver OK
2021-04-26 13:21:40.718 > [TST] DbDriver test passed
2021-04-26 13:21:40.722 > [DBG] DbDriver deleted: e2e03d57-0590-479f-87c5-f81aae97a8f5
2021-04-26 13:21:42.461 > [TST] DbConnection test started
2021-04-26 13:21:42.518 > [DBG] DbConnection created: 1d839cda-06cb-47d1-a99b-74b52d61e8dd
2021-04-26 13:21:42.525 > [INF] DbConnection.open
2021-04-26 13:21:42.532 > [INF] DbDriver: open
2021-04-26 13:21:42.586 > [INF] DbDriver: Copy file D:\Ultrasat\AstroPack.git\matlab\util\+io\+db\postgresql-42.2.19.jar to C:\Temp\postgresql-42.2.19.jar
2021-04-26 13:21:42.692 > [INF] DbDriver: driver OK
2021-04-26 13:21:42.766 > [DBG] DbConnection.open: setProperty: postgres/pass
2021-04-26 13:21:42.776 > [INF] DbConnection.open: Url: jdbc:postgresql://localhost:5432/pipeline
2021-04-26 13:21:43.010 > [ERR] DbConnection.open: connect OK
2021-04-26 13:21:43.012 > [DBG] DbConnection.open: calling getMetaData
2021-04-26 13:21:43.031 > [INF] DbConnection.close
2021-04-26 13:21:43.060 > [DBG] ComponentMap created: DbConnection
2021-04-26 13:21:43.084 > [DBG] DbConnection created: 92a6a90a-8b06-4edc-a95f-0bcf632fac22
2021-04-26 13:21:43.088 > [INF] ComponentMap.add: test
2021-04-26 13:21:43.091 > [INF] DbConnection.open
2021-04-26 13:21:43.100 > [DBG] DbConnection.open: setProperty: postgres/pass
2021-04-26 13:21:43.104 > [INF] DbConnection.open: Url: jdbc:postgresql://localhost:5432/pipeline
2021-04-26 13:21:43.141 > [ERR] DbConnection.open: connect OK
2021-04-26 13:21:43.144 > [DBG] DbConnection.open: calling getMetaData
2021-04-26 13:21:43.147 > [INF] DbConnection.close
2021-04-26 13:21:43.152 > [TST] DbConnection test passed
2021-04-26 13:21:43.155 > [DBG] DbConnection deleted: 1d839cda-06cb-47d1-a99b-74b52d61e8dd
2021-04-26 13:21:44.403 > [TST] DbRecord test started
2021-04-26 13:21:44.436 > [DBG] DbRecord created
2021-04-26 13:21:44.451 > [DBG] DbRecord created
2021-04-26 13:21:44.471 > [TST] DbRecord test passed
2021-04-26 13:21:44.474 > [DBG] DbRecord deleted
2021-04-26 13:21:44.476 > [DBG] DbRecord deleted
2021-04-26 13:21:45.638 > [TST] DbQuery test started
2021-04-26 13:21:45.684 > [DBG] DbConnection created: dca7478b-b663-4e83-9814-f22c4224997e
2021-04-26 13:21:45.690 > [INF] DbConnection.open
2021-04-26 13:21:45.700 > [DBG] DbConnection.open: setProperty: postgres/pass
2021-04-26 13:21:45.705 > [INF] DbConnection.open: Url: jdbc:postgresql://localhost:5432/pipeline
2021-04-26 13:21:45.744 > [ERR] DbConnection.open: connect OK
2021-04-26 13:21:45.747 > [DBG] DbConnection.open: calling getMetaData
2021-04-26 13:21:45.756 > [DBG] DbQuery created: 43eaf718-3619-4820-bdf9-3fc508fe308c
2021-04-26 13:21:45.760 > [INF] DbQuery: open
2021-04-26 13:21:45.764 > [DBG] DbQuery.open: select imageid, ra_center from raw_images limit 10
2021-04-26 13:21:45.815 > [DBG] DbQuery.getMetadata: ColumnCount = 2
2021-04-26 13:21:45.828 > [DBG] DbRecord created
2021-04-26 13:21:45.859 > [ERR] getField failed: 1
2021-04-26 13:21:45.864 > [DBG] DbRecord deleted
2021-04-26 13:21:45.867 > [DBG] DbQuery deleted: 43eaf718-3619-4820-bdf9-3fc508fe308c
2021-04-26 13:21:45.870 > [DBG] DbConnection deleted: dca7478b-b663-4e83-9814-f22c4224997e
2021-04-26 13:21:48.328 > [ERR] unitTest: Exception
2021-04-26 13:23:18.365 > [TST] DbQuery test started
2021-04-26 13:23:18.401 > [DBG] DbConnection created: 37e1d310-01a0-474a-b763-d7b0357bb219
2021-04-26 13:23:18.408 > [INF] DbConnection.open
2021-04-26 13:23:18.418 > [DBG] DbConnection.open: setProperty: postgres/pass
2021-04-26 13:23:18.424 > [INF] DbConnection.open: Url: jdbc:postgresql://localhost:5432/pipeline
2021-04-26 13:23:18.462 > [ERR] DbConnection.open: connect OK
2021-04-26 13:23:18.464 > [DBG] DbConnection.open: calling getMetaData
2021-04-26 13:23:18.473 > [DBG] DbQuery created: 9d0b8c69-73e7-4d50-a9b8-a16d79bd8175
2021-04-26 13:23:18.477 > [INF] DbQuery: open
2021-04-26 13:23:18.480 > [DBG] DbQuery.open: select imageid, ra_center from raw_images limit 10
2021-04-26 13:23:18.490 > [DBG] DbQuery.getMetadata: ColumnCount = 2
2021-04-26 13:23:18.497 > [DBG] DbQuery.loadAll, ColumnCount = 2
2021-04-26 13:23:18.511 > [DBG] DbQuery.loadAll, RowCount = 11
2021-04-26 13:23:18.522 > [INF] DbQuery: open
2021-04-26 13:23:18.524 > [DBG] DbQuery.open: select * from raw_images limit 10
2021-04-26 13:23:18.529 > [DBG] DbQuery.getMetadata: ColumnCount = 47
2021-04-26 13:23:18.550 > [DBG] DbRecord created
2021-04-26 13:23:18.564 > [ERR] getField failed: 1
2021-04-26 13:23:18.569 > [DBG] DbRecord deleted
2021-04-26 13:23:18.572 > [DBG] DbQuery deleted: 9d0b8c69-73e7-4d50-a9b8-a16d79bd8175
2021-04-26 13:23:18.574 > [DBG] DbConnection deleted: 37e1d310-01a0-474a-b763-d7b0357bb219
2021-04-26 13:23:26.531 > [TST] DbQuery test started
2021-04-26 13:23:26.537 > [DBG] DbConnection created: cd15fb49-44f2-4b7c-b32f-0847984c5278
2021-04-26 13:23:26.541 > [INF] DbConnection.open
2021-04-26 13:23:26.546 > [DBG] DbConnection.open: setProperty: postgres/pass
2021-04-26 13:23:26.551 > [INF] DbConnection.open: Url: jdbc:postgresql://localhost:5432/pipeline
2021-04-26 13:23:26.589 > [ERR] DbConnection.open: connect OK
2021-04-26 13:23:26.592 > [DBG] DbConnection.open: calling getMetaData
2021-04-26 13:23:26.601 > [DBG] DbQuery created: 24a77084-1791-4534-b07d-0bcfb97157c2
2021-04-26 13:23:26.605 > [INF] DbQuery: open
2021-04-26 13:23:26.607 > [DBG] DbQuery.open: select imageid, ra_center from raw_images limit 10
2021-04-26 13:23:26.615 > [DBG] DbQuery.getMetadata: ColumnCount = 2
2021-04-26 13:23:26.620 > [DBG] DbQuery.loadAll, ColumnCount = 2
2021-04-26 13:23:26.634 > [DBG] DbQuery.loadAll, RowCount = 11
2021-04-26 13:23:26.637 > [INF] DbQuery: open
2021-04-26 13:23:26.640 > [DBG] DbQuery.open: select * from raw_images limit 10
2021-04-26 13:23:26.645 > [DBG] DbQuery.getMetadata: ColumnCount = 47
2021-04-26 13:23:26.665 > [TST] DbQuery test passed
2021-04-26 13:23:26.668 > [DBG] DbQuery deleted: 24a77084-1791-4534-b07d-0bcfb97157c2
2021-04-26 13:23:26.670 > [DBG] DbConnection deleted: cd15fb49-44f2-4b7c-b32f-0847984c5278
